4032
407
6232
1732
782
4232
2757
5057
4532
4132
4482
6457
1382
4007
1157
6857
4957
507
4507
188
6157
1182
6157
1882
507
2807
832
4407
3032
5132
32
6607
557
1482
6107
5132
5082
3907
5932
6332
3982
4157
2482
1682
2332
6132
5657
757
3782
5057
3832
15482
11132
8507
10382
3807
15782
3632
18432
13457
5207
15482
19307
9132
2307
3757
23532
19882
8357
10557
15832
8782
4207
19457
23332
8657
5957
18432
9057
236
4832
4982
16857
3182
3932
20907
332
19407
17307
19332
9832
3557
11682
9907
8032
13432
21532
20307
2657
5357
