6505
5255
1455
5255
4980
1380
3230
2005
3505
3880
3380
1180
6780
5780
5855
3630
4330
1280
880
260
2530
177
3080
5305
14
1830
1105
2805
5655
3830
5655
3530
4005
1030
5430
5855
5880
6730
4780
3905
3855
2005
5030
3680
355
730
2430
1530
2180
4155
22855
22780
23505
15955
7880
4780
4130
11205
6780
1655
6180
8480
14880
17855
4155
9
142
6505
22930
14105
19155
8330
4380
2955
20005
6980
18655
15030
19530
730
24030
13230
13830
14355
17205
20330
19030
23380
18580
1530
18680
11080
97
6880
19405
12230
21405
3205
14880
16205
