706755
1013755
941255
225255
1065255
835755
635255
803755
745255
1077755
1308255
127255
1193755
866255
2834
612755
1290755
27
59736
1179755
877755
577255
201255
818
17512
759755
18292
52906
1191755
336255
878255
190255
156255
1316255
86345
991255
16342
1256755
358755
189755
225255
1130255
231255
397255
15172
17902
923755
1073755
1311255
225255
391255
78950
17772
920755
453255
802255
521755
15302
350255
519255
683755
332255
66065
313755
1007255
642755
546255
964255
1296755
227255
756255
190755
1272255
606755
1297755
608255
417255
911255
191755
79820
320255
694255
267255
366255
552755
310755
763255
574755
679255
326755
1105755
14652
765755
282755
1225255
547255
806755
1164255
384255
607755
448255
1108255
999755
445255
404755
836755
919255
1008255
12
1034255
624755
1012255
702255
265255
374255
205755
1146255
661255
206255
827255
902255
12572
626755
634755
282255
806255
624255
194255
3464
934255
35794
1153755
571755
241255
668755
273755
18682
357755
750255
373755
69440
902755
725255
309255
224255
30338
111575
474755
558255
657755
1261255
1213755
232255
426255
803255
411255
303255
278755
969255
1009755
323255
472755
1109755
398755
545755
44722
1020755
1009255
932755
1307255
524755
388755
848255
258255
532255
815755
828755
25
226255
160255
1081755
897255
471255
1043755
510255
50922
1301755
1273255
1108255
1032755
926255
671755
1067255
839755
399255
328755
161755
437255
35050
1147755
321755
157755
309755
869755
999755
658255
661755
610255
195255
1163755
209755
710755
908755
1040255
41
1098255
784255
909755
1096255
624755
232755
25
949755
18930
1258255
612255
262755
939755
279255
1053755
139755
1187255
21906
1253255
888255
1289755
1324255
612255
880755
835255
513255
63251
1246755
786755
545755
242755
1162755
1000755
549255
291755
741255
925755
376255
914255
1064755
1206255
1272755
987255
323255
1335755
362255
640255
79820
449255
947755
167755
57472
807255
1154255
862255
746755
1073755
341255
190255
313755
602755
980255
46954
69440
378755
497755
612255
16602
1952
126755
664755
997755
1171255
548255
52658
689755
1203755
914755
927755
1212255
806755
549255
384255
1292755
59
487255
487755
296255
966255
263255
609755
678755
1167755
1126255
1332755
605755
196255
1286755
856755
1263755
53423
1331255
789755
846255
627755
33
1303755
831755
668755
962755
602755
10499
230255
512255
294255
6812
972255
902255
755255
1096255
377755
2519
341255
1261755
50426
1070
1154755
722755
6380
361255
568255
413255
242755
572255
620755
407255
694255
113750
354255
709255
149255
1124255
442255
906755
372755
82430
1341255
160255
108965
1155255
1253255
25874
514255
40754
1123755
128255
954255
471755
763755
15822
1000755
886755
1003755
334755
122885
60
6812
406255
1049255
993755
223755
841255
61151
394255
1240755
487255
835255
371755
280255
1106755
973755
146755
441255
444755
805755
30834
1162255
230755
568755
23
871255
1196755
7568
796255
920755
438255
430255
483255
813255
915255
115490
43234
602755
856755
998255
414255
373755
1059755
567255
230255
8
18682
1253255
990255
15952
76784
309255
904755
939755
848755
27114
367255
1005255
1201255
496255
801755
455255
1229255
300255
336755
1228255
494255
1059255
169255
924255
211755
308255
956755
626755
3086
530755
1211255
5
666755
481255
11015
1050755
1257255
495255
855755
113315
438755
3968
1024755
873755
5300
934255
1103255
1042755
949255
1012255
86345
809255
1124255
6596
715755
542755
1183755
1272755
352255
575755
977755
766255
216755
12
50674
931255
169755
868755
191255
261255
1140255
697755
724255
105050
35755595755
19937761255
4955162755
440712137755
267129360255
96302757255
81112358255
110242966755
432293393755
402549364755
21736590255
213804096755
326595682755
288871171755
176836220755
34104551255
341492364755
376865795255
478300401755
89541468755
302106621755
53259191255
75935634755
412867669255
407322606755
65650843255
9514288755
437648780255
234572106255
255577311755
111594860755
394094199255
206781652755
229926614255
454612402755
213922148255
204874170255
265397381255
215190877755
419841994755
205141351255
270892900255
460868698755
360637118255
135176416755
389848591255
38057061255
476795866755
118435387755
100483011755
289166767755
350023013755
269148731755
87937250255
464081793755
351639757755
451951914755
301323248255
302831977755
80147577755
230009724255
423618827755
269790166255
445873001755
124733630755
25121811755
105670462255
257731090755
289194028255
339869169255
72945772755
308935347255
14579296255
51743848755
182196649255
384928130255
396516432255
125563985255
356359322755
119572318255
460391722755
222886681755
57458007255
490582202755
490785365755
448176158755
131924801255
407553372755
264035134755
194127499755
51455677755
265056423755
484241381255
290538339255
147362593255
399152303755
122586565255
50299815255
268552988755
301161312755
391959848255
419241341255
335023141755
471915417755
16602456755
205447866755
17427782755
98384745255
354653744255
395420958255
382874942255
253532076255
463511575255
484436155755
194280154255
207699544755
474467990755
241967412255
230582097755
112271903255
116339868755
420181425255
192674533255
123881246255
115838632255
223372663255
407175589255
270494454755
158754405255
434735445755
395136878255
154731747255
303547652755
212973769755
2921602255
469085366255
297903726255
112157187255
106577508255
120931556755
320358528755
408516366755
337281695255
312887786255
71924513255
159355785755
139321552755
43252031755
385260401755
109835058755
197845179755
471068960755
207912768755
380927357255
345611145755
236390589755
376273578755
56682596255
156885523255
370519828755
23381789255
427789729255
91499479755
120405295255
44667465255
169589897755
185985111255
224007921255
394156099755
39780127255
23122676255
233562078255
449537086755
66972001255
270468641755
26371887755
373164216755
246899294755
376982574755
458514872755
214303226755
93661383255
315236309255
379955226755
300949451255
131311667255
188395444755
482295354755
88648865255
138335556255
191770258255
268120642755
193758728755
467630045255
56242823755
359575214755
191402554255
170290999255
399361141755
317833083255
429542565755
198198488255
400810102255
449881974255
140185840755
40002134755
499766232255
122248152755
416233658755
154147029755
308862030255
372699789255
490907410755
320315303755
466655386755
44890113755
276730639755
77124627255
138839180255
292449888255
284511871755
199280059755
79651411755
289626202255
108911223755
324732646255
363637438255
252548964255
10185172755
166667471755
350145124755
344919857755
485030807255
92390746755
324736051255
60955623255
499997027255
490323841255
333564664755
453429243755
147691795255
246543600255
362464240255
474575878755
657597755
383422277255
393472034755
324134506755
119809257755
125848889255
229440836255
102607923255
83195467255
115989658755
111120852755
378129077255
170618426755
145040349255
115759421755
209630250755
166256147255
75318190755
346342306755
239705932755
71486386255
20283953755
361572404755
225493510255
3922070255
8676466255
457482292255
73992231255
252124371255
103774246255
78831561755
378862087255
42070117255
230192945255
18784366255
205179878255
61871346255
202964560255
102624739255
347265724255
11812736755
63431686255
482639639755
222810810755
479728118255
115821821755
135314015755
293929524255
371138457255
133419515755
39542583255
316660029255
466844990755
67470882755
206505521755
171687007255
61185122755
230943441755
381416235255
302854763255
427064434755
30501116755
16270304255
410142416755
158515711255
287174433755
260992464755
51060367755
28193885255
405603994755
128431821755
176215919255
15714596255
41039725755
396486823255
277130147255
391926160255
332426932255
102341013755
340342429255
496783700255
340797634255
160354834255
338484410255
83170201255
72404868255
31447405755
480757096255
399914008755
374451216255
405558200255
263995113255
81179170755
270206035255
188809695755
308397511255
445807473255
292927964255
143707879755
276358843255
174348678755
410151873755
410763989255
3312988255
345463913255
21681078755
66237573755
22012162255
87216507755
166120645755
429054533255
247771854755
101280325755
357989852755
120707252255
361310144755
325359696755
339588947755
69998456755
484189020755
413406154755
68725366755
449254965755
53960407255
232266319255
82039396255
51038403755
34017857255
4092825255
82061106755
368433918755
280891466755
157875940255
238233721755
114014756755
125911537255
179123500755
233111999255
482228882255
398113642755
13602226255
424004937255
151949369255
234332044255
49528585255
52008877255
115650486255
489083939255
306368660255
305390091755
446940953255
292144124255
318698662255
23630148755
398929827255
11797977255
67139268755
227223567255
226971977755
275356579255
147572784255
461069202755
336253758755
34804542255
303462977755
62807897255
407866555255
439586989255
211910779255
336194069255
104141496755
120813720755
138257156255
478436646255
487696782755
340984014255
5098418255
130181007255
181820928255
152055682755
348892052755
455717784255
407965403255
184656473255
193502687755
140003153255
77677278255
351580125755
30251235755
495438177755
387114997255
381377198755
475174105255
416815041755
394299812755
91094876755
139821819755
29205098255
353492594255
213463366755
76490843755
287948202755
156422448255
447661304755
137704804755
335954153755
259309465755
334249866755
344729956755
281113672255
283763888755
354118078755
425557019255
39657801755
97571493255
443454082255
477507345755
45625156755
179571236755
339526581255
309903443755
156892368255
403088290255
340978968255
195011440255
103236338255
259718407755
67737057255
195335560755
254631954255
97050065255
261228522755
72270888255
232619058255
418416472755
438832101755
276064984255
234553852755
417868287755
246463933255
112965781255
151316410255
488618522255
355694930755
344299020755
263591933255
87245714255
378322193255
466628246755
420529877255
266347538255
116961385755
15896860755
275052911255
405944333255
131176397755
