654321
229821
179071
552821
112571
446321
74571
490821
287071
380571
646571
1823
106571
155821
558571
44821
337571
203571
137571
232071
20875
362821
380571
487571
227321
412071
700071
13069
184071
68571
526
117071
525571
390571
212321
180821
204571
183821
670071
675321
527071
197821
596321
438321
581571
159071
188071
3975
278571
484571
237821
205821
704571
191321
672821
342071
359571
687571
151321
494071
466571
417571
11573
270821
535321
273571
521821
203321
99321
276571
442071
32821
223321
696571
696821
232821
8477
559321
80571
615821
293071
533071
322821
231321
55821
647071
550071
609071
274071
88571
394571
485821
64071
118821
646571
70071
143571
655071
421821
400571
800
694071
94
14021
480321
657571
309321
1327
131321
1172
119571
344321
439071
208571
84571
243571
354571
133571
324321
31571
2979
112321
311571
542071
361071
607321
161071
413321
302071
333821
650571
206071
237571
704071
605571
468571
1854
575321
621321
633321
44071
150071
335321
591071
354071
133821
275071
3477
520071
503821
465571
582571
660321
599321
242071
255071
6
264571
495571
39571
500321
429571
325571
579571
571321
218071
101821
381071
116571
213321
629571
95821
215821
8759
46571
429071
169071
251571
193321
292071
543571
33321
397321
685821
410571
668571
68821
228321
523571
533821
346571
436821
250821
2821
516571
448571
366071
432821
250321
568821
660571
203821
80321
380071
324571
663571
86321
420821
459571
586821
508571
582571
466071
520571
542821
554571
647321
108571
419071
173071
440571
244821
120821
203071
504071
271571
75821
585071
562821
168571
92321
432071
373321
200321
509821
373071
672571
251821
702321
74571
407821
130321
189071
674571
6691
29821
176071
410821
202071
13477
358571
238071
325071
664571
457821
62321
14
4307
620821
668821
66571
172071
314071
26821
358571
7913
63571
603071
164571
564571
441321
427071
425071
505571
483321
229071
334571
542821
454321
642571
404571
633821
348821
650571
322821
538821
702321
598071
151571
55571
486571
645571
1606
615571
14887
430821
398
244571
459571
532321
487321
236321
366571
557071
398821
293321
173821
476821
99071
49821
310571
261571
555071
331571
123821
418821
387071
644071
226071
225071
447071
591071
659321
472821
521071
1544
676821
564321
326071
653821
138571
95321
486821
634071
116821
456321
29321
294071
562821
412321
511321
89821
427071
491571
592571
617821
425571
636821
207071
228571
228571
177321
421321
80571
655071
2040
117321
162071
235071
208571
124321
411071
424571
29071
139571
298821
392821
132071
63071
218321
526321
674821
3477
89821
21567
515071
165321
600071
687321
1079
366821
147071
55821
686821
291571
662071
7255
368071
178321
265071
446821
323821
1792
118321
10077
178321
686571
404571
247071
29821
530071
429321
429071
327571
616071
110321
197071
28071
637571
246571
7537
553821
1451
37071
643821
490071
438071
201821
581321
644071
332821
251571
534071
621071
54071
478821
689321
665321
279321
605821
36071
559321
677571
170
243071
249571
110071
682071
380321
606071
337571
561321
435321
672571
596321
215571
592071
188571
325321
630571
331821
71571
185321
183571
629321
103821
22951
218321
140321
128321
180321
437071
359571
150321
107821
411821
5054
282071
140071
578071
12933
217321
340071
617821
233071
23124
603321
541321
568821
324821
12117
206571
528821
230071
227821
441071
144571
365321
472821
109071
577071
463321
504571
518821
528321
415571
328321
644071
320321
163571
132302561821
94663703821
102960354571
110493764071
121060136321
118879820071
22597616571
68940929321
135338746571
173233908571
157916471821
59393559321
171306621821
97981364071
60305608321
25841816571
198207589571
29576523571
241862779821
148298403571
147487017821
145754463821
91871652571
246919385071
161865092571
127883324821
184052873571
185504347321
215626466071
100441931821
23447380321
117752735821
84203515071
10806436071
150841012821
27422388821
233935438821
116548325821
46025549571
142287988571
167127606821
52363790571
52677758821
232926130071
113591609821
95684133821
146631611571
214736671071
108836949071
218320519571
138821905071
90098685071
127815077821
189359642321
17635709821
127359022071
84594869571
197605429821
208899732321
153643539571
166380189071
240492904071
198217388571
141358217321
66848969321
23808341321
147756383571
37167574821
41800414821
158429258071
73327999571
164938784071
14428118571
193258669571
197253148821
24234777571
46095490821
220864108571
113259120571
174976538071
225385221571
207752748071
226278084571
224316779321
242472568571
59598254571
120444616321
155581182321
101424900571
238819912571
146677782321
148676908821
79745883071
39242048071
244576527571
149380465571
27852363821
17054970571
16369504071
35018696571
56784676821
7890640321
206404259821
138960978071
109604780571
1039138071
126929851321
207849946821
185041998821
144146440571
74587404821
91046423821
143748816071
10481093321
246568158071
133785040071
2606866321
173945782071
209312796821
230915342821
139748989071
209229520071
244987904821
11036204571
106078979821
114568601821
853774571
81756284821
124793115821
235275134321
131814313071
128366594321
44439502321
69839361321
173146131571
225045739571
1858216071
215820170571
63177664321
93103476071
159849515571
34365169821
26921839071
63235742321
5029355821
154633980321
69318613571
125224893071
23029465071
139777968321
98491523321
178848060571
200974622071
81398148821
26276290071
120573671071
5792272071
112039879071
96774822571
122770078821
194414024821
45728799821
200687173321
33890041071
53480179071
158622405071
42042614321
17790877071
220913352071
189087971071
161922380571
112075870571
115781049321
54102199571
157762847821
224788624071
8218075321
172248531821
195007501321
207451429071
221615719571
184452297321
64252113321
192921958071
83338646821
59692407321
200631360071
3992027071
203837891821
35406363821
86175867571
55089308821
10021660321
38981748321
91979862321
139590639321
110996414071
248517923821
102893023071
72674072321
216860543071
82115231321
241500382071
43032314821
42252514071
82835318071
136479604321
122920789071
61633878821
143078102321
132830075321
158533120321
91188271071
50817194321
161323062071
44540393071
31663591571
110721692571
86808374821
127343458821
78218275821
9314055571
130202373821
166820223321
192345603821
30838237821
127965328821
180853191571
197273847071
137766325821
98922006071
61062860321
3799794821
63662470321
207954579821
12457100321
21285461321
156082494571
90730971821
231362300321
167073328821
137290745571
245711925821
204753261571
81968167571
231109291571
175997023571
232748120821
156189762321
218902585071
102360812821
200389254571
246883227571
204582771821
236949492821
109862575071
103470456821
29811776821
206265372571
222753479321
38343653571
156580216821
229060804571
83948889571
168025842571
182518294071
117441253821
9692417321
179890129571
162630945321
231232216821
199229314071
134963486071
32544793071
248349675571
23976628571
124690814571
147986416571
141237748321
188377588321
72935137821
192866213321
102042089321
198509703321
12095732321
216561349571
191065061321
232857585321
246200996321
133326404571
25499107821
16173843071
53951513821
198266884571
81727585821
165169884071
231212457571
172246264071
228458682321
31007104821
137837029571
10496169321
129604998321
197990869321
82681086571
70840480071
198768760321
182352056321
158869529321
37399450821
125730429071
106371769571
162049974071
47881126071
182618243821
196601132321
4655440071
62454960821
79340315071
79957688821
215444800321
111178416071
243640652821
139623509321
6212584571
186683065821
80903911321
91523777321
51838549321
53746958321
146814594821
91044382071
192607139821
39155158821
115552426821
231979298071
129021332321
32306019321
238448112571
224040740571
116797208321
53268750821
113684709821
82379184571
131382962321
201027368071
50316902321
91344155571
210989573321
100216079321
21803851821
11089104321
13118513321
238341408071
214439191821
80880371071
178598286321
195795634321
103570800571
150967291071
174764295321
214762007821
108219851071
131755113071
223693884321
57163266571
217187154821
72872169571
212170229571
64584421321
15600693321
199080210821
36550775571
115907957321
238091766571
175067986071
188167621571
49073454321
89356559821
188342818321
68674816821
3698164321
145945526821
143142000821
99356331571
232539155821
168925655321
184019146571
182242120821
51444413821
237488426071
236604700571
170979206821
160423316821
127502013571
194536881571
35706429071
148254681321
37777385321
244219857321
23750344821
69772055321
191768224571
48535888821
170178683321
47426070071
155784050821
206906509821
51712341321
151987812321
216257536071
103788453071
126865195571
51106409071
133392251321
181643956821
48525057571
166380405571
66069693571
140846360821
7436681321
167677221821
38332650821
219788957321
63519381321
37403024071
162066418321
52278944571
183182153321
240158703071
117222133071
13499661321
205292809071
191069360571
227821735821
141906508321
130494009821
56989620821
78698391071
161455235571
239213937071
226943433821
205454592071
116045268571
127609112571
229581981821
26543322321
239001143071
3122976821
63008825321
233746054071
204367383071
68943349071
23460841571
117484023821
66580729571
103445432571
80881707071
143858921071
6893919071
213850801571
62142146821
244151161571
87060804571
104173394321
247992463821
131609282321
21872056071
234158202321
188096656821
211442348071
33693086571
160979937571
81663557071
38749187821
2101217321
130583205071
134325145071
137327523321
60249988321
1801789571
208797542321
22199191571
14552378571
103200419571
224319842821
212941791571
148805239321
166253815071
229157335821
22878008571
163606419821
137576791321
193917184821
64005990571
171332484571
114978977821
139067323071
117410775071
198236507821
