2 4999 5000
3 5001 5002
4 5003 5005
5 5004 5006
6 5007 5012
7 5008 5013
8 5009 5014
9 5010 5015
10 5011 5016
11 5017 5027
12 5018 5028
13 5019 5029
14 5020 5030
15 5021 5031
16 5022 5032
17 5023 5033
18 5024 5034
19 5025 5035
20 5026 5036
21 5037 5057
22 5038 5058
23 5039 5059
24 5040 5060
25 5041 5061
26 5042 5062
27 5043 5063
28 5044 5064
29 5045 5065
30 5046 5066
31 5047 5067
32 5048 5068
33 5049 5069
34 5050 5070
35 5051 5071
36 5052 5072
37 5053 5073
38 5054 5074
39 5055 5075
40 5056 5076
41 5077 5116
42 5078 5117
43 5079 5118
44 5080 5119
45 5081 5120
46 5082 5121
47 5083 5122
48 5084 5123
49 5085 5124
50 5086 5125
51 5087 5126
52 5088 5127
53 5089 5128
54 5090 5129
55 5091 5130
56 5092 5131
57 5093 5132
58 5094 5133
59 5095 5134
60 5096 5135
61 5097 5136
62 5098 5137
63 5099 5138
64 5100 5139
65 5101 5140
66 5102 5141
67 5103 5142
68 5104 5143
69 5105 5144
70 5106 5145
71 5107 5146
72 5108 5147
73 5109 5148
74 5110 5149
75 5111 5150
76 5112 5151
77 5113 5152
78 5114 5153
79 5115 5154
80 5155 5233
81 5156 5234
82 5157 5235
83 5158 5236
84 5159 5237
85 5160 5238
86 5161 5239
87 5162 5240
88 5163 5241
89 5164 5242
90 5165 5243
91 5166 5244
92 5167 5245
93 5168 5246
94 5169 5247
95 5170 5248
96 5171 5249
97 5172 5250
98 5173 5251
99 5174 5252
100 5175 5253
101 5176 5254
102 5177 5255
103 5178 5256
104 5179 5257
105 5180 5258
106 5181 5259
107 5182 5260
108 5183 5261
109 5184 5262
110 5185 5263
111 5186 5264
112 5187 5265
113 5188 5266
114 5189 5267
115 5190 5268
116 5191 5269
117 5192 5270
118 5193 5271
119 5194 5272
120 5195 5273
121 5196 5274
122 5197 5275
123 5198 5276
124 5199 5277
125 5200 5278
126 5201 5279
127 5202 5280
128 5203 5281
129 5204 5282
130 5205 5283
131 5206 5284
132 5207 5285
133 5208 5286
134 5209 5287
135 5210 5288
136 5211 5289
137 5212 5290
138 5213 5291
139 5214 5292
140 5215 5293
141 5216 5294
142 5217 5295
143 5218 5296
144 5219 5297
145 5220 5298
146 5221 5299
147 5222 5300
148 5223 5301
149 5224 5302
150 5225 5303
151 5226 5304
152 5227 5305
153 5228 5306
154 5229 5307
155 5230 5308
156 5231 5309
157 5232 5310
158 5311 5467
159 5312 5468
160 5313 5469
161 5314 5470
162 5315 5471
163 5316 5472
164 5317 5473
165 5318 5474
166 5319 5475
167 5320 5476
168 5321 5477
169 5322 5478
170 5323 5479
171 5324 5480
172 5325 5481
173 5326 5482
174 5327 5483
175 5328 5484
176 5329 5485
177 5330 5486
178 5331 5487
179 5332 5488
180 5333 5489
181 5334 5490
182 5335 5491
183 5336 5492
184 5337 5493
185 5338 5494
186 5339 5495
187 5340 5496
188 5341 5497
189 5342 5498
190 5343 5499
191 5344 5500
192 5345 5501
193 5346 5502
194 5347 5503
195 5348 5504
196 5349 5505
197 5350 5506
198 5351 5507
199 5352 5508
200 5353 5509
201 5354 5510
202 5355 5511
203 5356 5512
204 5357 5513
205 5358 5514
206 5359 5515
207 5360 5516
208 5361 5517
209 5362 5518
210 5363 5519
211 5364 5520
212 5365 5521
213 5366 5522
214 5367 5523
215 5368 5524
216 5369 5525
217 5370 5526
218 5371 5527
219 5372 5528
220 5373 5529
221 5374 5530
222 5375 5531
223 5376 5532
224 5377 5533
225 5378 5534
226 5379 5535
227 5380 5536
228 5381 5537
229 5382 5538
230 5383 5539
231 5384 5540
232 5385 5541
233 5386 5542
234 5387 5543
235 5388 5544
236 5389 5545
237 5390 5546
238 5391 5547
239 5392 5548
240 5393 5549
241 5394 5550
242 5395 5551
243 5396 5552
244 5397 5553
245 5398 5554
246 5399 5555
247 5400 5556
248 5401 5557
249 5402 5558
250 5403 5559
251 5404 5560
252 5405 5561
253 5406 5562
254 5407 5563
255 5408 5564
256 5409 5565
257 5410 5566
258 5411 5567
259 5412 5568
260 5413 5569
261 5414 5570
262 5415 5571
263 5416 5572
264 5417 5573
265 5418 5574
266 5419 5575
267 5420 5576
268 5421 5577
269 5422 5578
270 5423 5579
271 5424 5580
272 5425 5581
273 5426 5582
274 5427 5583
275 5428 5584
276 5429 5585
277 5430 5586
278 5431 5587
279 5432 5588
280 5433 5589
281 5434 5590
282 5435 5591
283 5436 5592
284 5437 5593
285 5438 5594
286 5439 5595
287 5440 5596
288 5441 5597
289 5442 5598
290 5443 5599
291 5444 5600
292 5445 5601
293 5446 5602
294 5447 5603
295 5448 5604
296 5449 5605
297 5450 5606
298 5451 5607
299 5452 5608
300 5453 5609
301 5454 5610
302 5455 5611
303 5456 5612
304 5457 5613
305 5458 5614
306 5459 5615
307 5460 5616
308 5461 5617
309 5462 5618
310 5463 5619
311 5464 5620
312 5465 5621
313 5466 5622
314 5623 5935
315 5624 5936
316 5625 5937
317 5626 5938
318 5627 5939
319 5628 5940
320 5629 5941
321 5630 5942
322 5631 5943
323 5632 5944
324 5633 5945
325 5634 5946
326 5635 5947
327 5636 5948
328 5637 5949
329 5638 5950
330 5639 5951
331 5640 5952
332 5641 5953
333 5642 5954
334 5643 5955
335 5644 5956
336 5645 5957
337 5646 5958
338 5647 5959
339 5648 5960
340 5649 5961
341 5650 5962
342 5651 5963
343 5652 5964
344 5653 5965
345 5654 5966
346 5655 5967
347 5656 5968
348 5657 5969
349 5658 5970
350 5659 5971
351 5660 5972
352 5661 5973
353 5662 5974
354 5663 5975
355 5664 5976
356 5665 5977
357 5666 5978
358 5667 5979
359 5668 5980
360 5669 5981
361 5670 5982
362 5671 5983
363 5672 5984
364 5673 5985
365 5674 5986
366 5675 5987
367 5676 5988
368 5677 5989
369 5678 5990
370 5679 5991
371 5680 5992
372 5681 5993
373 5682 5994
374 5683 5995
375 5684 5996
376 5685 5997
377 5686 5998
378 5687 5999
379 5688 6000
380 5689 6001
381 5690 6002
382 5691 6003
383 5692 6004
384 5693 6005
385 5694 6006
386 5695 6007
387 5696 6008
388 5697 6009
389 5698 6010
390 5699 6011
391 5700 6012
392 5701 6013
393 5702 6014
394 5703 6015
395 5704 6016
396 5705 6017
397 5706 6018
398 5707 6019
399 5708 6020
400 5709 6021
401 5710 6022
402 5711 6023
403 5712 6024
404 5713 6025
405 5714 6026
406 5715 6027
407 5716 6028
408 5717 6029
409 5718 6030
410 5719 6031
411 5720 6032
412 5721 6033
413 5722 6034
414 5723 6035
415 5724 6036
416 5725 6037
417 5726 6038
418 5727 6039
419 5728 6040
420 5729 6041
421 5730 6042
422 5731 6043
423 5732 6044
424 5733 6045
425 5734 6046
426 5735 6047
427 5736 6048
428 5737 6049
429 5738 6050
430 5739 6051
431 5740 6052
432 5741 6053
433 5742 6054
434 5743 6055
435 5744 6056
436 5745 6057
437 5746 6058
438 5747 6059
439 5748 6060
440 5749 6061
441 5750 6062
442 5751 6063
443 5752 6064
444 5753 6065
445 5754 6066
446 5755 6067
447 5756 6068
448 5757 6069
449 5758 6070
450 5759 6071
451 5760 6072
452 5761 6073
453 5762 6074
454 5763 6075
455 5764 6076
456 5765 6077
457 5766 6078
458 5767 6079
459 5768 6080
460 5769 6081
461 5770 6082
462 5771 6083
463 5772 6084
464 5773 6085
465 5774 6086
466 5775 6087
467 5776 6088
468 5777 6089
469 5778 6090
470 5779 6091
471 5780 6092
472 5781 6093
473 5782 6094
474 5783 6095
475 5784 6096
476 5785 6097
477 5786 6098
478 5787 6099
479 5788 6100
480 5789 6101
481 5790 6102
482 5791 6103
483 5792 6104
484 5793 6105
485 5794 6106
486 5795 6107
487 5796 6108
488 5797 6109
489 5798 6110
490 5799 6111
491 5800 6112
492 5801 6113
493 5802 6114
494 5803 6115
495 5804 6116
496 5805 6117
497 5806 6118
498 5807 6119
499 5808 6120
500 5809 6121
501 5810 6122
502 5811 6123
503 5812 6124
504 5813 6125
505 5814 6126
506 5815 6127
507 5816 6128
508 5817 6129
509 5818 6130
510 5819 6131
511 5820 6132
512 5821 6133
513 5822 6134
514 5823 6135
515 5824 6136
516 5825 6137
517 5826 6138
518 5827 6139
519 5828 6140
520 5829 6141
521 5830 6142
522 5831 6143
523 5832 6144
524 5833 6145
525 5834 6146
526 5835 6147
527 5836 6148
528 5837 6149
529 5838 6150
530 5839 6151
531 5840 6152
532 5841 6153
533 5842 6154
534 5843 6155
535 5844 6156
536 5845 6157
537 5846 6158
538 5847 6159
539 5848 6160
540 5849 6161
541 5850 6162
542 5851 6163
543 5852 6164
544 5853 6165
545 5854 6166
546 5855 6167
547 5856 6168
548 5857 6169
549 5858 6170
550 5859 6171
551 5860 6172
552 5861 6173
553 5862 6174
554 5863 6175
555 5864 6176
556 5865 6177
557 5866 6178
558 5867 6179
559 5868 6180
560 5869 6181
561 5870 6182
562 5871 6183
563 5872 6184
564 5873 6185
565 5874 6186
566 5875 6187
567 5876 6188
568 5877 6189
569 5878 6190
570 5879 6191
571 5880 6192
572 5881 6193
573 5882 6194
574 5883 6195
575 5884 6196
576 5885 6197
577 5886 6198
578 5887 6199
579 5888 6200
580 5889 6201
581 5890 6202
582 5891 6203
583 5892 6204
584 5893 6205
585 5894 6206
586 5895 6207
587 5896 6208
588 5897 6209
589 5898 6210
590 5899 6211
591 5900 6212
592 5901 6213
593 5902 6214
594 5903 6215
595 5904 6216
596 5905 6217
597 5906 6218
598 5907 6219
599 5908 6220
600 5909 6221
601 5910 6222
602 5911 6223
603 5912 6224
604 5913 6225
605 5914 6226
606 5915 6227
607 5916 6228
608 5917 6229
609 5918 6230
610 5919 6231
611 5920 6232
612 5921 6233
613 5922 6234
614 5923 6235
615 5924 6236
616 5925 6237
617 5926 6238
618 5927 6239
619 5928 6240
620 5929 6241
621 5930 6242
622 5931 6243
623 5932 6244
624 5933 6245
625 5934 6246
626 6247 6872
627 6248 6873
628 6249 6874
629 6250 6875
630 6251 6876
631 6252 6877
632 6253 6878
633 6254 6879
634 6255 6880
635 6256 6881
636 6257 6882
637 6258 6883
638 6259 6884
639 6260 6885
640 6261 6886
641 6262 6887
642 6263 6888
643 6264 6889
644 6265 6890
645 6266 6891
646 6267 6892
647 6268 6893
648 6269 6894
649 6270 6895
650 6271 6896
651 6272 6897
652 6273 6898
653 6274 6899
654 6275 6900
655 6276 6901
656 6277 6902
657 6278 6903
658 6279 6904
659 6280 6905
660 6281 6906
661 6282 6907
662 6283 6908
663 6284 6909
664 6285 6910
665 6286 6911
666 6287 6912
667 6288 6913
668 6289 6914
669 6290 6915
670 6291 6916
671 6292 6917
672 6293 6918
673 6294 6919
674 6295 6920
675 6296 6921
676 6297 6922
677 6298 6923
678 6299 6924
679 6300 6925
680 6301 6926
681 6302 6927
682 6303 6928
683 6304 6929
684 6305 6930
685 6306 6931
686 6307 6932
687 6308 6933
688 6309 6934
689 6310 6935
690 6311 6936
691 6312 6937
692 6313 6938
693 6314 6939
694 6315 6940
695 6316 6941
696 6317 6942
697 6318 6943
698 6319 6944
699 6320 6945
700 6321 6946
701 6322 6947
702 6323 6948
703 6324 6949
704 6325 6950
705 6326 6951
706 6327 6952
707 6328 6953
708 6329 6954
709 6330 6955
710 6331 6956
711 6332 6957
712 6333 6958
713 6334 6959
714 6335 6960
715 6336 6961
716 6337 6962
717 6338 6963
718 6339 6964
719 6340 6965
720 6341 6966
721 6342 6967
722 6343 6968
723 6344 6969
724 6345 6970
725 6346 6971
726 6347 6972
727 6348 6973
728 6349 6974
729 6350 6975
730 6351 6976
731 6352 6977
732 6353 6978
733 6354 6979
734 6355 6980
735 6356 6981
736 6357 6982
737 6358 6983
738 6359 6984
739 6360 6985
740 6361 6986
741 6362 6987
742 6363 6988
743 6364 6989
744 6365 6990
745 6366 6991
746 6367 6992
747 6368 6993
748 6369 6994
749 6370 6995
750 6371 6996
751 6372 6997
752 6373 6998
753 6374 6999
754 6375 7000
755 6376 7001
756 6377 7002
757 6378 7003
758 6379 7004
759 6380 7005
760 6381 7006
761 6382 7007
762 6383 7008
763 6384 7009
764 6385 7010
765 6386 7011
766 6387 7012
767 6388 7013
768 6389 7014
769 6390 7015
770 6391 7016
771 6392 7017
772 6393 7018
773 6394 7019
774 6395 7020
775 6396 7021
776 6397 7022
777 6398 7023
778 6399 7024
779 6400 7025
780 6401 7026
781 6402 7027
782 6403 7028
783 6404 7029
784 6405 7030
785 6406 7031
786 6407 7032
787 6408 7033
788 6409 7034
789 6410 7035
790 6411 7036
791 6412 7037
792 6413 7038
793 6414 7039
794 6415 7040
795 6416 7041
796 6417 7042
797 6418 7043
798 6419 7044
799 6420 7045
800 6421 7046
801 6422 7047
802 6423 7048
803 6424 7049
804 6425 7050
805 6426 7051
806 6427 7052
807 6428 7053
808 6429 7054
809 6430 7055
810 6431 7056
811 6432 7057
812 6433 7058
813 6434 7059
814 6435 7060
815 6436 7061
816 6437 7062
817 6438 7063
818 6439 7064
819 6440 7065
820 6441 7066
821 6442 7067
822 6443 7068
823 6444 7069
824 6445 7070
825 6446 7071
826 6447 7072
827 6448 7073
828 6449 7074
829 6450 7075
830 6451 7076
831 6452 7077
832 6453 7078
833 6454 7079
834 6455 7080
835 6456 7081
836 6457 7082
837 6458 7083
838 6459 7084
839 6460 7085
840 6461 7086
841 6462 7087
842 6463 7088
843 6464 7089
844 6465 7090
845 6466 7091
846 6467 7092
847 6468 7093
848 6469 7094
849 6470 7095
850 6471 7096
851 6472 7097
852 6473 7098
853 6474 7099
854 6475 7100
855 6476 7101
856 6477 7102
857 6478 7103
858 6479 7104
859 6480 7105
860 6481 7106
861 6482 7107
862 6483 7108
863 6484 7109
864 6485 7110
865 6486 7111
866 6487 7112
867 6488 7113
868 6489 7114
869 6490 7115
870 6491 7116
871 6492 7117
872 6493 7118
873 6494 7119
874 6495 7120
875 6496 7121
876 6497 7122
877 6498 7123
878 6499 7124
879 6500 7125
880 6501 7126
881 6502 7127
882 6503 7128
883 6504 7129
884 6505 7130
885 6506 7131
886 6507 7132
887 6508 7133
888 6509 7134
889 6510 7135
890 6511 7136
891 6512 7137
892 6513 7138
893 6514 7139
894 6515 7140
895 6516 7141
896 6517 7142
897 6518 7143
898 6519 7144
899 6520 7145
900 6521 7146
901 6522 7147
902 6523 7148
903 6524 7149
904 6525 7150
905 6526 7151
906 6527 7152
907 6528 7153
908 6529 7154
909 6530 7155
910 6531 7156
911 6532 7157
912 6533 7158
913 6534 7159
914 6535 7160
915 6536 7161
916 6537 7162
917 6538 7163
918 6539 7164
919 6540 7165
920 6541 7166
921 6542 7167
922 6543 7168
923 6544 7169
924 6545 7170
925 6546 7171
926 6547 7172
927 6548 7173
928 6549 7174
929 6550 7175
930 6551 7176
931 6552 7177
932 6553 7178
933 6554 7179
934 6555 7180
935 6556 7181
936 6557 7182
937 6558 7183
938 6559 7184
939 6560 7185
940 6561 7186
941 6562 7187
942 6563 7188
943 6564 7189
944 6565 7190
945 6566 7191
946 6567 7192
947 6568 7193
948 6569 7194
949 6570 7195
950 6571 7196
951 6572 7197
952 6573 7198
953 6574 7199
954 6575 7200
955 6576 7201
956 6577 7202
957 6578 7203
958 6579 7204
959 6580 7205
960 6581 7206
961 6582 7207
962 6583 7208
963 6584 7209
964 6585 7210
965 6586 7211
966 6587 7212
967 6588 7213
968 6589 7214
969 6590 7215
970 6591 7216
971 6592 7217
972 6593 7218
973 6594 7219
974 6595 7220
975 6596 7221
976 6597 7222
977 6598 7223
978 6599 7224
979 6600 7225
980 6601 7226
981 6602 7227
982 6603 7228
983 6604 7229
984 6605 7230
985 6606 7231
986 6607 7232
987 6608 7233
988 6609 7234
989 6610 7235
990 6611 7236
991 6612 7237
992 6613 7238
993 6614 7239
994 6615 7240
995 6616 7241
996 6617 7242
997 6618 7243
998 6619 7244
999 6620 7245
1000 6621 7246
1001 6622 7247
1002 6623 7248
1003 6624 7249
1004 6625 7250
1005 6626 7251
1006 6627 7252
1007 6628 7253
1008 6629 7254
1009 6630 7255
1010 6631 7256
1011 6632 7257
1012 6633 7258
1013 6634 7259
1014 6635 7260
1015 6636 7261
1016 6637 7262
1017 6638 7263
1018 6639 7264
1019 6640 7265
1020 6641 7266
1021 6642 7267
1022 6643 7268
1023 6644 7269
1024 6645 7270
1025 6646 7271
1026 6647 7272
1027 6648 7273
1028 6649 7274
1029 6650 7275
1030 6651 7276
1031 6652 7277
1032 6653 7278
1033 6654 7279
1034 6655 7280
1035 6656 7281
1036 6657 7282
1037 6658 7283
1038 6659 7284
1039 6660 7285
1040 6661 7286
1041 6662 7287
1042 6663 7288
1043 6664 7289
1044 6665 7290
1045 6666 7291
1046 6667 7292
1047 6668 7293
1048 6669 7294
1049 6670 7295
1050 6671 7296
1051 6672 7297
1052 6673 7298
1053 6674 7299
1054 6675 7300
1055 6676 7301
1056 6677 7302
1057 6678 7303
1058 6679 7304
1059 6680 7305
1060 6681 7306
1061 6682 7307
1062 6683 7308
1063 6684 7309
1064 6685 7310
1065 6686 7311
1066 6687 7312
1067 6688 7313
1068 6689 7314
1069 6690 7315
1070 6691 7316
1071 6692 7317
1072 6693 7318
1073 6694 7319
1074 6695 7320
1075 6696 7321
1076 6697 7322
1077 6698 7323
1078 6699 7324
1079 6700 7325
1080 6701 7326
1081 6702 7327
1082 6703 7328
1083 6704 7329
1084 6705 7330
1085 6706 7331
1086 6707 7332
1087 6708 7333
1088 6709 7334
1089 6710 7335
1090 6711 7336
1091 6712 7337
1092 6713 7338
1093 6714 7339
1094 6715 7340
1095 6716 7341
1096 6717 7342
1097 6718 7343
1098 6719 7344
1099 6720 7345
1100 6721 7346
1101 6722 7347
1102 6723 7348
1103 6724 7349
1104 6725 7350
1105 6726 7351
1106 6727 7352
1107 6728 7353
1108 6729 7354
1109 6730 7355
1110 6731 7356
1111 6732 7357
1112 6733 7358
1113 6734 7359
1114 6735 7360
1115 6736 7361
1116 6737 7362
1117 6738 7363
1118 6739 7364
1119 6740 7365
1120 6741 7366
1121 6742 7367
1122 6743 7368
1123 6744 7369
1124 6745 7370
1125 6746 7371
1126 6747 7372
1127 6748 7373
1128 6749 7374
1129 6750 7375
1130 6751 7376
1131 6752 7377
1132 6753 7378
1133 6754 7379
1134 6755 7380
1135 6756 7381
1136 6757 7382
1137 6758 7383
1138 6759 7384
1139 6760 7385
1140 6761 7386
1141 6762 7387
1142 6763 7388
1143 6764 7389
1144 6765 7390
1145 6766 7391
1146 6767 7392
1147 6768 7393
1148 6769 7394
1149 6770 7395
1150 6771 7396
1151 6772 7397
1152 6773 7398
1153 6774 7399
1154 6775 7400
1155 6776 7401
1156 6777 7402
1157 6778 7403
1158 6779 7404
1159 6780 7405
1160 6781 7406
1161 6782 7407
1162 6783 7408
1163 6784 7409
1164 6785 7410
1165 6786 7411
1166 6787 7412
1167 6788 7413
1168 6789 7414
1169 6790 7415
1170 6791 7416
1171 6792 7417
1172 6793 7418
1173 6794 7419
1174 6795 7420
1175 6796 7421
1176 6797 7422
1177 6798 7423
1178 6799 7424
1179 6800 7425
1180 6801 7426
1181 6802 7427
1182 6803 7428
1183 6804 7429
1184 6805 7430
1185 6806 7431
1186 6807 7432
1187 6808 7433
1188 6809 7434
1189 6810 7435
1190 6811 7436
1191 6812 7437
1192 6813 7438
1193 6814 7439
1194 6815 7440
1195 6816 7441
1196 6817 7442
1197 6818 7443
1198 6819 7444
1199 6820 7445
1200 6821 7446
1201 6822 7447
1202 6823 7448
1203 6824 7449
1204 6825 7450
1205 6826 7451
1206 6827 7452
1207 6828 7453
1208 6829 7454
1209 6830 7455
1210 6831 7456
1211 6832 7457
1212 6833 7458
1213 6834 7459
1214 6835 7460
1215 6836 7461
1216 6837 7462
1217 6838 7463
1218 6839 7464
1219 6840 7465
1220 6841 7466
1221 6842 7467
1222 6843 7468
1223 6844 7469
1224 6845 7470
1225 6846 7471
1226 6847 7472
1227 6848 7473
1228 6849 7474
1229 6850 7475
1230 6851 7476
1231 6852 7477
1232 6853 7478
1233 6854 7479
1234 6855 7480
1235 6856 7481
1236 6857 7482
1237 6858 7483
1238 6859 7484
1239 6860 7485
1240 6861 7486
1241 6862 7487
1242 6863 7488
1243 6864 7489
1244 6865 7490
1245 6866 7491
1246 6867 7492
1247 6868 7493
1248 6869 7494
1249 6870 7495
1250 6871 7496
1251 7497 8746
1252 7498 8747
1253 7499 8748
1254 7500 8749
1255 7501 8750
1256 7502 8751
1257 7503 8752
1258 7504 8753
1259 7505 8754
1260 7506 8755
1261 7507 8756
1262 7508 8757
1263 7509 8758
1264 7510 8759
1265 7511 8760
1266 7512 8761
1267 7513 8762
1268 7514 8763
1269 7515 8764
1270 7516 8765
1271 7517 8766
1272 7518 8767
1273 7519 8768
1274 7520 8769
1275 7521 8770
1276 7522 8771
1277 7523 8772
1278 7524 8773
1279 7525 8774
1280 7526 8775
1281 7527 8776
1282 7528 8777
1283 7529 8778
1284 7530 8779
1285 7531 8780
1286 7532 8781
1287 7533 8782
1288 7534 8783
1289 7535 8784
1290 7536 8785
1291 7537 8786
1292 7538 8787
1293 7539 8788
1294 7540 8789
1295 7541 8790
1296 7542 8791
1297 7543 8792
1298 7544 8793
1299 7545 8794
1300 7546 8795
1301 7547 8796
1302 7548 8797
1303 7549 8798
1304 7550 8799
1305 7551 8800
1306 7552 8801
1307 7553 8802
1308 7554 8803
1309 7555 8804
1310 7556 8805
1311 7557 8806
1312 7558 8807
1313 7559 8808
1314 7560 8809
1315 7561 8810
1316 7562 8811
1317 7563 8812
1318 7564 8813
1319 7565 8814
1320 7566 8815
1321 7567 8816
1322 7568 8817
1323 7569 8818
1324 7570 8819
1325 7571 8820
1326 7572 8821
1327 7573 8822
1328 7574 8823
1329 7575 8824
1330 7576 8825
1331 7577 8826
1332 7578 8827
1333 7579 8828
1334 7580 8829
1335 7581 8830
1336 7582 8831
1337 7583 8832
1338 7584 8833
1339 7585 8834
1340 7586 8835
1341 7587 8836
1342 7588 8837
1343 7589 8838
1344 7590 8839
1345 7591 8840
1346 7592 8841
1347 7593 8842
1348 7594 8843
1349 7595 8844
1350 7596 8845
1351 7597 8846
1352 7598 8847
1353 7599 8848
1354 7600 8849
1355 7601 8850
1356 7602 8851
1357 7603 8852
1358 7604 8853
1359 7605 8854
1360 7606 8855
1361 7607 8856
1362 7608 8857
1363 7609 8858
1364 7610 8859
1365 7611 8860
1366 7612 8861
1367 7613 8862
1368 7614 8863
1369 7615 8864
1370 7616 8865
1371 7617 8866
1372 7618 8867
1373 7619 8868
1374 7620 8869
1375 7621 8870
1376 7622 8871
1377 7623 8872
1378 7624 8873
1379 7625 8874
1380 7626 8875
1381 7627 8876
1382 7628 8877
1383 7629 8878
1384 7630 8879
1385 7631 8880
1386 7632 8881
1387 7633 8882
1388 7634 8883
1389 7635 8884
1390 7636 8885
1391 7637 8886
1392 7638 8887
1393 7639 8888
1394 7640 8889
1395 7641 8890
1396 7642 8891
1397 7643 8892
1398 7644 8893
1399 7645 8894
1400 7646 8895
1401 7647 8896
1402 7648 8897
1403 7649 8898
1404 7650 8899
1405 7651 8900
1406 7652 8901
1407 7653 8902
1408 7654 8903
1409 7655 8904
1410 7656 8905
1411 7657 8906
1412 7658 8907
1413 7659 8908
1414 7660 8909
1415 7661 8910
1416 7662 8911
1417 7663 8912
1418 7664 8913
1419 7665 8914
1420 7666 8915
1421 7667 8916
1422 7668 8917
1423 7669 8918
1424 7670 8919
1425 7671 8920
1426 7672 8921
1427 7673 8922
1428 7674 8923
1429 7675 8924
1430 7676 8925
1431 7677 8926
1432 7678 8927
1433 7679 8928
1434 7680 8929
1435 7681 8930
1436 7682 8931
1437 7683 8932
1438 7684 8933
1439 7685 8934
1440 7686 8935
1441 7687 8936
1442 7688 8937
1443 7689 8938
1444 7690 8939
1445 7691 8940
1446 7692 8941
1447 7693 8942
1448 7694 8943
1449 7695 8944
1450 7696 8945
1451 7697 8946
1452 7698 8947
1453 7699 8948
1454 7700 8949
1455 7701 8950
1456 7702 8951
1457 7703 8952
1458 7704 8953
1459 7705 8954
1460 7706 8955
1461 7707 8956
1462 7708 8957
1463 7709 8958
1464 7710 8959
1465 7711 8960
1466 7712 8961
1467 7713 8962
1468 7714 8963
1469 7715 8964
1470 7716 8965
1471 7717 8966
1472 7718 8967
1473 7719 8968
1474 7720 8969
1475 7721 8970
1476 7722 8971
1477 7723 8972
1478 7724 8973
1479 7725 8974
1480 7726 8975
1481 7727 8976
1482 7728 8977
1483 7729 8978
1484 7730 8979
1485 7731 8980
1486 7732 8981
1487 7733 8982
1488 7734 8983
1489 7735 8984
1490 7736 8985
1491 7737 8986
1492 7738 8987
1493 7739 8988
1494 7740 8989
1495 7741 8990
1496 7742 8991
1497 7743 8992
1498 7744 8993
1499 7745 8994
1500 7746 8995
1501 7747 8996
1502 7748 8997
1503 7749 8998
1504 7750 8999
1505 7751 9000
1506 7752 9001
1507 7753 9002
1508 7754 9003
1509 7755 9004
1510 7756 9005
1511 7757 9006
1512 7758 9007
1513 7759 9008
1514 7760 9009
1515 7761 9010
1516 7762 9011
1517 7763 9012
1518 7764 9013
1519 7765 9014
1520 7766 9015
1521 7767 9016
1522 7768 9017
1523 7769 9018
1524 7770 9019
1525 7771 9020
1526 7772 9021
1527 7773 9022
1528 7774 9023
1529 7775 9024
1530 7776 9025
1531 7777 9026
1532 7778 9027
1533 7779 9028
1534 7780 9029
1535 7781 9030
1536 7782 9031
1537 7783 9032
1538 7784 9033
1539 7785 9034
1540 7786 9035
1541 7787 9036
1542 7788 9037
1543 7789 9038
1544 7790 9039
1545 7791 9040
1546 7792 9041
1547 7793 9042
1548 7794 9043
1549 7795 9044
1550 7796 9045
1551 7797 9046
1552 7798 9047
1553 7799 9048
1554 7800 9049
1555 7801 9050
1556 7802 9051
1557 7803 9052
1558 7804 9053
1559 7805 9054
1560 7806 9055
1561 7807 9056
1562 7808 9057
1563 7809 9058
1564 7810 9059
1565 7811 9060
1566 7812 9061
1567 7813 9062
1568 7814 9063
1569 7815 9064
1570 7816 9065
1571 7817 9066
1572 7818 9067
1573 7819 9068
1574 7820 9069
1575 7821 9070
1576 7822 9071
1577 7823 9072
1578 7824 9073
1579 7825 9074
1580 7826 9075
1581 7827 9076
1582 7828 9077
1583 7829 9078
1584 7830 9079
1585 7831 9080
1586 7832 9081
1587 7833 9082
1588 7834 9083
1589 7835 9084
1590 7836 9085
1591 7837 9086
1592 7838 9087
1593 7839 9088
1594 7840 9089
1595 7841 9090
1596 7842 9091
1597 7843 9092
1598 7844 9093
1599 7845 9094
1600 7846 9095
1601 7847 9096
1602 7848 9097
1603 7849 9098
1604 7850 9099
1605 7851 9100
1606 7852 9101
1607 7853 9102
1608 7854 9103
1609 7855 9104
1610 7856 9105
1611 7857 9106
1612 7858 9107
1613 7859 9108
1614 7860 9109
1615 7861 9110
1616 7862 9111
1617 7863 9112
1618 7864 9113
1619 7865 9114
1620 7866 9115
1621 7867 9116
1622 7868 9117
1623 7869 9118
1624 7870 9119
1625 7871 9120
1626 7872 9121
1627 7873 9122
1628 7874 9123
1629 7875 9124
1630 7876 9125
1631 7877 9126
1632 7878 9127
1633 7879 9128
1634 7880 9129
1635 7881 9130
1636 7882 9131
1637 7883 9132
1638 7884 9133
1639 7885 9134
1640 7886 9135
1641 7887 9136
1642 7888 9137
1643 7889 9138
1644 7890 9139
1645 7891 9140
1646 7892 9141
1647 7893 9142
1648 7894 9143
1649 7895 9144
1650 7896 9145
1651 7897 9146
1652 7898 9147
1653 7899 9148
1654 7900 9149
1655 7901 9150
1656 7902 9151
1657 7903 9152
1658 7904 9153
1659 7905 9154
1660 7906 9155
1661 7907 9156
1662 7908 9157
1663 7909 9158
1664 7910 9159
1665 7911 9160
1666 7912 9161
1667 7913 9162
1668 7914 9163
1669 7915 9164
1670 7916 9165
1671 7917 9166
1672 7918 9167
1673 7919 9168
1674 7920 9169
1675 7921 9170
1676 7922 9171
1677 7923 9172
1678 7924 9173
1679 7925 9174
1680 7926 9175
1681 7927 9176
1682 7928 9177
1683 7929 9178
1684 7930 9179
1685 7931 9180
1686 7932 9181
1687 7933 9182
1688 7934 9183
1689 7935 9184
1690 7936 9185
1691 7937 9186
1692 7938 9187
1693 7939 9188
1694 7940 9189
1695 7941 9190
1696 7942 9191
1697 7943 9192
1698 7944 9193
1699 7945 9194
1700 7946 9195
1701 7947 9196
1702 7948 9197
1703 7949 9198
1704 7950 9199
1705 7951 9200
1706 7952 9201
1707 7953 9202
1708 7954 9203
1709 7955 9204
1710 7956 9205
1711 7957 9206
1712 7958 9207
1713 7959 9208
1714 7960 9209
1715 7961 9210
1716 7962 9211
1717 7963 9212
1718 7964 9213
1719 7965 9214
1720 7966 9215
1721 7967 9216
1722 7968 9217
1723 7969 9218
1724 7970 9219
1725 7971 9220
1726 7972 9221
1727 7973 9222
1728 7974 9223
1729 7975 9224
1730 7976 9225
1731 7977 9226
1732 7978 9227
1733 7979 9228
1734 7980 9229
1735 7981 9230
1736 7982 9231
1737 7983 9232
1738 7984 9233
1739 7985 9234
1740 7986 9235
1741 7987 9236
1742 7988 9237
1743 7989 9238
1744 7990 9239
1745 7991 9240
1746 7992 9241
1747 7993 9242
1748 7994 9243
1749 7995 9244
1750 7996 9245
1751 7997 9246
1752 7998 9247
1753 7999 9248
1754 8000 9249
1755 8001 9250
1756 8002 9251
1757 8003 9252
1758 8004 9253
1759 8005 9254
1760 8006 9255
1761 8007 9256
1762 8008 9257
1763 8009 9258
1764 8010 9259
1765 8011 9260
1766 8012 9261
1767 8013 9262
1768 8014 9263
1769 8015 9264
1770 8016 9265
1771 8017 9266
1772 8018 9267
1773 8019 9268
1774 8020 9269
1775 8021 9270
1776 8022 9271
1777 8023 9272
1778 8024 9273
1779 8025 9274
1780 8026 9275
1781 8027 9276
1782 8028 9277
1783 8029 9278
1784 8030 9279
1785 8031 9280
1786 8032 9281
1787 8033 9282
1788 8034 9283
1789 8035 9284
1790 8036 9285
1791 8037 9286
1792 8038 9287
1793 8039 9288
1794 8040 9289
1795 8041 9290
1796 8042 9291
1797 8043 9292
1798 8044 9293
1799 8045 9294
1800 8046 9295
1801 8047 9296
1802 8048 9297
1803 8049 9298
1804 8050 9299
1805 8051 9300
1806 8052 9301
1807 8053 9302
1808 8054 9303
1809 8055 9304
1810 8056 9305
1811 8057 9306
1812 8058 9307
1813 8059 9308
1814 8060 9309
1815 8061 9310
1816 8062 9311
1817 8063 9312
1818 8064 9313
1819 8065 9314
1820 8066 9315
1821 8067 9316
1822 8068 9317
1823 8069 9318
1824 8070 9319
1825 8071 9320
1826 8072 9321
1827 8073 9322
1828 8074 9323
1829 8075 9324
1830 8076 9325
1831 8077 9326
1832 8078 9327
1833 8079 9328
1834 8080 9329
1835 8081 9330
1836 8082 9331
1837 8083 9332
1838 8084 9333
1839 8085 9334
1840 8086 9335
1841 8087 9336
1842 8088 9337
1843 8089 9338
1844 8090 9339
1845 8091 9340
1846 8092 9341
1847 8093 9342
1848 8094 9343
1849 8095 9344
1850 8096 9345
1851 8097 9346
1852 8098 9347
1853 8099 9348
1854 8100 9349
1855 8101 9350
1856 8102 9351
1857 8103 9352
1858 8104 9353
1859 8105 9354
1860 8106 9355
1861 8107 9356
1862 8108 9357
1863 8109 9358
1864 8110 9359
1865 8111 9360
1866 8112 9361
1867 8113 9362
1868 8114 9363
1869 8115 9364
1870 8116 9365
1871 8117 9366
1872 8118 9367
1873 8119 9368
1874 8120 9369
1875 8121 9370
1876 8122 9371
1877 8123 9372
1878 8124 9373
1879 8125 9374
1880 8126 9375
1881 8127 9376
1882 8128 9377
1883 8129 9378
1884 8130 9379
1885 8131 9380
1886 8132 9381
1887 8133 9382
1888 8134 9383
1889 8135 9384
1890 8136 9385
1891 8137 9386
1892 8138 9387
1893 8139 9388
1894 8140 9389
1895 8141 9390
1896 8142 9391
1897 8143 9392
1898 8144 9393
1899 8145 9394
1900 8146 9395
1901 8147 9396
1902 8148 9397
1903 8149 9398
1904 8150 9399
1905 8151 9400
1906 8152 9401
1907 8153 9402
1908 8154 9403
1909 8155 9404
1910 8156 9405
1911 8157 9406
1912 8158 9407
1913 8159 9408
1914 8160 9409
1915 8161 9410
1916 8162 9411
1917 8163 9412
1918 8164 9413
1919 8165 9414
1920 8166 9415
1921 8167 9416
1922 8168 9417
1923 8169 9418
1924 8170 9419
1925 8171 9420
1926 8172 9421
1927 8173 9422
1928 8174 9423
1929 8175 9424
1930 8176 9425
1931 8177 9426
1932 8178 9427
1933 8179 9428
1934 8180 9429
1935 8181 9430
1936 8182 9431
1937 8183 9432
1938 8184 9433
1939 8185 9434
1940 8186 9435
1941 8187 9436
1942 8188 9437
1943 8189 9438
1944 8190 9439
1945 8191 9440
1946 8192 9441
1947 8193 9442
1948 8194 9443
1949 8195 9444
1950 8196 9445
1951 8197 9446
1952 8198 9447
1953 8199 9448
1954 8200 9449
1955 8201 9450
1956 8202 9451
1957 8203 9452
1958 8204 9453
1959 8205 9454
1960 8206 9455
1961 8207 9456
1962 8208 9457
1963 8209 9458
1964 8210 9459
1965 8211 9460
1966 8212 9461
1967 8213 9462
1968 8214 9463
1969 8215 9464
1970 8216 9465
1971 8217 9466
1972 8218 9467
1973 8219 9468
1974 8220 9469
1975 8221 9470
1976 8222 9471
1977 8223 9472
1978 8224 9473
1979 8225 9474
1980 8226 9475
1981 8227 9476
1982 8228 9477
1983 8229 9478
1984 8230 9479
1985 8231 9480
1986 8232 9481
1987 8233 9482
1988 8234 9483
1989 8235 9484
1990 8236 9485
1991 8237 9486
1992 8238 9487
1993 8239 9488
1994 8240 9489
1995 8241 9490
1996 8242 9491
1997 8243 9492
1998 8244 9493
1999 8245 9494
2000 8246 9495
2001 8247 9496
2002 8248 9497
2003 8249 9498
2004 8250 9499
2005 8251 9500
2006 8252 9501
2007 8253 9502
2008 8254 9503
2009 8255 9504
2010 8256 9505
2011 8257 9506
2012 8258 9507
2013 8259 9508
2014 8260 9509
2015 8261 9510
2016 8262 9511
2017 8263 9512
2018 8264 9513
2019 8265 9514
2020 8266 9515
2021 8267 9516
2022 8268 9517
2023 8269 9518
2024 8270 9519
2025 8271 9520
2026 8272 9521
2027 8273 9522
2028 8274 9523
2029 8275 9524
2030 8276 9525
2031 8277 9526
2032 8278 9527
2033 8279 9528
2034 8280 9529
2035 8281 9530
2036 8282 9531
2037 8283 9532
2038 8284 9533
2039 8285 9534
2040 8286 9535
2041 8287 9536
2042 8288 9537
2043 8289 9538
2044 8290 9539
2045 8291 9540
2046 8292 9541
2047 8293 9542
2048 8294 9543
2049 8295 9544
2050 8296 9545
2051 8297 9546
2052 8298 9547
2053 8299 9548
2054 8300 9549
2055 8301 9550
2056 8302 9551
2057 8303 9552
2058 8304 9553
2059 8305 9554
2060 8306 9555
2061 8307 9556
2062 8308 9557
2063 8309 9558
2064 8310 9559
2065 8311 9560
2066 8312 9561
2067 8313 9562
2068 8314 9563
2069 8315 9564
2070 8316 9565
2071 8317 9566
2072 8318 9567
2073 8319 9568
2074 8320 9569
2075 8321 9570
2076 8322 9571
2077 8323 9572
2078 8324 9573
2079 8325 9574
2080 8326 9575
2081 8327 9576
2082 8328 9577
2083 8329 9578
2084 8330 9579
2085 8331 9580
2086 8332 9581
2087 8333 9582
2088 8334 9583
2089 8335 9584
2090 8336 9585
2091 8337 9586
2092 8338 9587
2093 8339 9588
2094 8340 9589
2095 8341 9590
2096 8342 9591
2097 8343 9592
2098 8344 9593
2099 8345 9594
2100 8346 9595
2101 8347 9596
2102 8348 9597
2103 8349 9598
2104 8350 9599
2105 8351 9600
2106 8352 9601
2107 8353 9602
2108 8354 9603
2109 8355 9604
2110 8356 9605
2111 8357 9606
2112 8358 9607
2113 8359 9608
2114 8360 9609
2115 8361 9610
2116 8362 9611
2117 8363 9612
2118 8364 9613
2119 8365 9614
2120 8366 9615
2121 8367 9616
2122 8368 9617
2123 8369 9618
2124 8370 9619
2125 8371 9620
2126 8372 9621
2127 8373 9622
2128 8374 9623
2129 8375 9624
2130 8376 9625
2131 8377 9626
2132 8378 9627
2133 8379 9628
2134 8380 9629
2135 8381 9630
2136 8382 9631
2137 8383 9632
2138 8384 9633
2139 8385 9634
2140 8386 9635
2141 8387 9636
2142 8388 9637
2143 8389 9638
2144 8390 9639
2145 8391 9640
2146 8392 9641
2147 8393 9642
2148 8394 9643
2149 8395 9644
2150 8396 9645
2151 8397 9646
2152 8398 9647
2153 8399 9648
2154 8400 9649
2155 8401 9650
2156 8402 9651
2157 8403 9652
2158 8404 9653
2159 8405 9654
2160 8406 9655
2161 8407 9656
2162 8408 9657
2163 8409 9658
2164 8410 9659
2165 8411 9660
2166 8412 9661
2167 8413 9662
2168 8414 9663
2169 8415 9664
2170 8416 9665
2171 8417 9666
2172 8418 9667
2173 8419 9668
2174 8420 9669
2175 8421 9670
2176 8422 9671
2177 8423 9672
2178 8424 9673
2179 8425 9674
2180 8426 9675
2181 8427 9676
2182 8428 9677
2183 8429 9678
2184 8430 9679
2185 8431 9680
2186 8432 9681
2187 8433 9682
2188 8434 9683
2189 8435 9684
2190 8436 9685
2191 8437 9686
2192 8438 9687
2193 8439 9688
2194 8440 9689
2195 8441 9690
2196 8442 9691
2197 8443 9692
2198 8444 9693
2199 8445 9694
2200 8446 9695
2201 8447 9696
2202 8448 9697
2203 8449 9698
2204 8450 9699
2205 8451 9700
2206 8452 9701
2207 8453 9702
2208 8454 9703
2209 8455 9704
2210 8456 9705
2211 8457 9706
2212 8458 9707
2213 8459 9708
2214 8460 9709
2215 8461 9710
2216 8462 9711
2217 8463 9712
2218 8464 9713
2219 8465 9714
2220 8466 9715
2221 8467 9716
2222 8468 9717
2223 8469 9718
2224 8470 9719
2225 8471 9720
2226 8472 9721
2227 8473 9722
2228 8474 9723
2229 8475 9724
2230 8476 9725
2231 8477 9726
2232 8478 9727
2233 8479 9728
2234 8480 9729
2235 8481 9730
2236 8482 9731
2237 8483 9732
2238 8484 9733
2239 8485 9734
2240 8486 9735
2241 8487 9736
2242 8488 9737
2243 8489 9738
2244 8490 9739
2245 8491 9740
2246 8492 9741
2247 8493 9742
2248 8494 9743
2249 8495 9744
2250 8496 9745
2251 8497 9746
2252 8498 9747
2253 8499 9748
2254 8500 9749
2255 8501 9750
2256 8502 9751
2257 8503 9752
2258 8504 9753
2259 8505 9754
2260 8506 9755
2261 8507 9756
2262 8508 9757
2263 8509 9758
2264 8510 9759
2265 8511 9760
2266 8512 9761
2267 8513 9762
2268 8514 9763
2269 8515 9764
2270 8516 9765
2271 8517 9766
2272 8518 9767
2273 8519 9768
2274 8520 9769
2275 8521 9770
2276 8522 9771
2277 8523 9772
2278 8524 9773
2279 8525 9774
2280 8526 9775
2281 8527 9776
2282 8528 9777
2283 8529 9778
2284 8530 9779
2285 8531 9780
2286 8532 9781
2287 8533 9782
2288 8534 9783
2289 8535 9784
2290 8536 9785
2291 8537 9786
2292 8538 9787
2293 8539 9788
2294 8540 9789
2295 8541 9790
2296 8542 9791
2297 8543 9792
2298 8544 9793
2299 8545 9794
2300 8546 9795
2301 8547 9796
2302 8548 9797
2303 8549 9798
2304 8550 9799
2305 8551 9800
2306 8552 9801
2307 8553 9802
2308 8554 9803
2309 8555 9804
2310 8556 9805
2311 8557 9806
2312 8558 9807
2313 8559 9808
2314 8560 9809
2315 8561 9810
2316 8562 9811
2317 8563 9812
2318 8564 9813
2319 8565 9814
2320 8566 9815
2321 8567 9816
2322 8568 9817
2323 8569 9818
2324 8570 9819
2325 8571 9820
2326 8572 9821
2327 8573 9822
2328 8574 9823
2329 8575 9824
2330 8576 9825
2331 8577 9826
2332 8578 9827
2333 8579 9828
2334 8580 9829
2335 8581 9830
2336 8582 9831
2337 8583 9832
2338 8584 9833
2339 8585 9834
2340 8586 9835
2341 8587 9836
2342 8588 9837
2343 8589 9838
2344 8590 9839
2345 8591 9840
2346 8592 9841
2347 8593 9842
2348 8594 9843
2349 8595 9844
2350 8596 9845
2351 8597 9846
2352 8598 9847
2353 8599 9848
2354 8600 9849
2355 8601 9850
2356 8602 9851
2357 8603 9852
2358 8604 9853
2359 8605 9854
2360 8606 9855
2361 8607 9856
2362 8608 9857
2363 8609 9858
2364 8610 9859
2365 8611 9860
2366 8612 9861
2367 8613 9862
2368 8614 9863
2369 8615 9864
2370 8616 9865
2371 8617 9866
2372 8618 9867
2373 8619 9868
2374 8620 9869
2375 8621 9870
2376 8622 9871
2377 8623 9872
2378 8624 9873
2379 8625 9874
2380 8626 9875
2381 8627 9876
2382 8628 9877
2383 8629 9878
2384 8630 9879
2385 8631 9880
2386 8632 9881
2387 8633 9882
2388 8634 9883
2389 8635 9884
2390 8636 9885
2391 8637 9886
2392 8638 9887
2393 8639 9888
2394 8640 9889
2395 8641 9890
2396 8642 9891
2397 8643 9892
2398 8644 9893
2399 8645 9894
2400 8646 9895
2401 8647 9896
2402 8648 9897
2403 8649 9898
2404 8650 9899
2405 8651 9900
2406 8652 9901
2407 8653 9902
2408 8654 9903
2409 8655 9904
2410 8656 9905
2411 8657 9906
2412 8658 9907
2413 8659 9908
2414 8660 9909
2415 8661 9910
2416 8662 9911
2417 8663 9912
2418 8664 9913
2419 8665 9914
2420 8666 9915
2421 8667 9916
2422 8668 9917
2423 8669 9918
2424 8670 9919
2425 8671 9920
2426 8672 9921
2427 8673 9922
2428 8674 9923
2429 8675 9924
2430 8676 9925
2431 8677 9926
2432 8678 9927
2433 8679 9928
2434 8680 9929
2435 8681 9930
2436 8682 9931
2437 8683 9932
2438 8684 9933
2439 8685 9934
2440 8686 9935
2441 8687 9936
2442 8688 9937
2443 8689 9938
2444 8690 9939
2445 8691 9940
2446 8692 9941
2447 8693 9942
2448 8694 9943
2449 8695 9944
2450 8696 9945
2451 8697 9946
2452 8698 9947
2453 8699 9948
2454 8700 9949
2455 8701 9950
2456 8702 9951
2457 8703 9952
2458 8704 9953
2459 8705 9954
2460 8706 9955
2461 8707 9956
2462 8708 9957
2463 8709 9958
2464 8710 9959
2465 8711 9960
2466 8712 9961
2467 8713 9962
2468 8714 9963
2469 8715 9964
2470 8716 9965
2471 8717 9966
2472 8718 9967
2473 8719 9968
2474 8720 9969
2475 8721 9970
2476 8722 9971
2477 8723 9972
2478 8724 9973
2479 8725 9974
2480 8726 9975
2481 8727 9976
2482 8728 9977
2483 8729 9978
2484 8730 9979
2485 8731 9980
2486 8732 9981
2487 8733 9982
2488 8734 9983
2489 8735 9984
2490 8736 9985
2491 8737 9986
2492 8738 9987
2493 8739 9988
2494 8740 9989
2495 8741 9990
2496 8742 9991
2497 8743 9992
2498 8744 9993
2499 8745 9994
2500 9995 12494
2501 9996 12495
2502 9997 12496
2503 9998 12497
2504 9999 12498
2505 10000 12499
2506 10001 12500
2507 10002 12501
2508 10003 12502
2509 10004 12503
2510 10005 12504
2511 10006 12505
2512 10007 12506
2513 10008 12507
2514 10009 12508
2515 10010 12509
2516 10011 12510
2517 10012 12511
2518 10013 12512
2519 10014 12513
2520 10015 12514
2521 10016 12515
2522 10017 12516
2523 10018 12517
2524 10019 12518
2525 10020 12519
2526 10021 12520
2527 10022 12521
2528 10023 12522
2529 10024 12523
2530 10025 12524
2531 10026 12525
2532 10027 12526
2533 10028 12527
2534 10029 12528
2535 10030 12529
2536 10031 12530
2537 10032 12531
2538 10033 12532
2539 10034 12533
2540 10035 12534
2541 10036 12535
2542 10037 12536
2543 10038 12537
2544 10039 12538
2545 10040 12539
2546 10041 12540
2547 10042 12541
2548 10043 12542
2549 10044 12543
2550 10045 12544
2551 10046 12545
2552 10047 12546
2553 10048 12547
2554 10049 12548
2555 10050 12549
2556 10051 12550
2557 10052 12551
2558 10053 12552
2559 10054 12553
2560 10055 12554
2561 10056 12555
2562 10057 12556
2563 10058 12557
2564 10059 12558
2565 10060 12559
2566 10061 12560
2567 10062 12561
2568 10063 12562
2569 10064 12563
2570 10065 12564
2571 10066 12565
2572 10067 12566
2573 10068 12567
2574 10069 12568
2575 10070 12569
2576 10071 12570
2577 10072 12571
2578 10073 12572
2579 10074 12573
2580 10075 12574
2581 10076 12575
2582 10077 12576
2583 10078 12577
2584 10079 12578
2585 10080 12579
2586 10081 12580
2587 10082 12581
2588 10083 12582
2589 10084 12583
2590 10085 12584
2591 10086 12585
2592 10087 12586
2593 10088 12587
2594 10089 12588
2595 10090 12589
2596 10091 12590
2597 10092 12591
2598 10093 12592
2599 10094 12593
2600 10095 12594
2601 10096 12595
2602 10097 12596
2603 10098 12597
2604 10099 12598
2605 10100 12599
2606 10101 12600
2607 10102 12601
2608 10103 12602
2609 10104 12603
2610 10105 12604
2611 10106 12605
2612 10107 12606
2613 10108 12607
2614 10109 12608
2615 10110 12609
2616 10111 12610
2617 10112 12611
2618 10113 12612
2619 10114 12613
2620 10115 12614
2621 10116 12615
2622 10117 12616
2623 10118 12617
2624 10119 12618
2625 10120 12619
2626 10121 12620
2627 10122 12621
2628 10123 12622
2629 10124 12623
2630 10125 12624
2631 10126 12625
2632 10127 12626
2633 10128 12627
2634 10129 12628
2635 10130 12629
2636 10131 12630
2637 10132 12631
2638 10133 12632
2639 10134 12633
2640 10135 12634
2641 10136 12635
2642 10137 12636
2643 10138 12637
2644 10139 12638
2645 10140 12639
2646 10141 12640
2647 10142 12641
2648 10143 12642
2649 10144 12643
2650 10145 12644
2651 10146 12645
2652 10147 12646
2653 10148 12647
2654 10149 12648
2655 10150 12649
2656 10151 12650
2657 10152 12651
2658 10153 12652
2659 10154 12653
2660 10155 12654
2661 10156 12655
2662 10157 12656
2663 10158 12657
2664 10159 12658
2665 10160 12659
2666 10161 12660
2667 10162 12661
2668 10163 12662
2669 10164 12663
2670 10165 12664
2671 10166 12665
2672 10167 12666
2673 10168 12667
2674 10169 12668
2675 10170 12669
2676 10171 12670
2677 10172 12671
2678 10173 12672
2679 10174 12673
2680 10175 12674
2681 10176 12675
2682 10177 12676
2683 10178 12677
2684 10179 12678
2685 10180 12679
2686 10181 12680
2687 10182 12681
2688 10183 12682
2689 10184 12683
2690 10185 12684
2691 10186 12685
2692 10187 12686
2693 10188 12687
2694 10189 12688
2695 10190 12689
2696 10191 12690
2697 10192 12691
2698 10193 12692
2699 10194 12693
2700 10195 12694
2701 10196 12695
2702 10197 12696
2703 10198 12697
2704 10199 12698
2705 10200 12699
2706 10201 12700
2707 10202 12701
2708 10203 12702
2709 10204 12703
2710 10205 12704
2711 10206 12705
2712 10207 12706
2713 10208 12707
2714 10209 12708
2715 10210 12709
2716 10211 12710
2717 10212 12711
2718 10213 12712
2719 10214 12713
2720 10215 12714
2721 10216 12715
2722 10217 12716
2723 10218 12717
2724 10219 12718
2725 10220 12719
2726 10221 12720
2727 10222 12721
2728 10223 12722
2729 10224 12723
2730 10225 12724
2731 10226 12725
2732 10227 12726
2733 10228 12727
2734 10229 12728
2735 10230 12729
2736 10231 12730
2737 10232 12731
2738 10233 12732
2739 10234 12733
2740 10235 12734
2741 10236 12735
2742 10237 12736
2743 10238 12737
2744 10239 12738
2745 10240 12739
2746 10241 12740
2747 10242 12741
2748 10243 12742
2749 10244 12743
2750 10245 12744
2751 10246 12745
2752 10247 12746
2753 10248 12747
2754 10249 12748
2755 10250 12749
2756 10251 12750
2757 10252 12751
2758 10253 12752
2759 10254 12753
2760 10255 12754
2761 10256 12755
2762 10257 12756
2763 10258 12757
2764 10259 12758
2765 10260 12759
2766 10261 12760
2767 10262 12761
2768 10263 12762
2769 10264 12763
2770 10265 12764
2771 10266 12765
2772 10267 12766
2773 10268 12767
2774 10269 12768
2775 10270 12769
2776 10271 12770
2777 10272 12771
2778 10273 12772
2779 10274 12773
2780 10275 12774
2781 10276 12775
2782 10277 12776
2783 10278 12777
2784 10279 12778
2785 10280 12779
2786 10281 12780
2787 10282 12781
2788 10283 12782
2789 10284 12783
2790 10285 12784
2791 10286 12785
2792 10287 12786
2793 10288 12787
2794 10289 12788
2795 10290 12789
2796 10291 12790
2797 10292 12791
2798 10293 12792
2799 10294 12793
2800 10295 12794
2801 10296 12795
2802 10297 12796
2803 10298 12797
2804 10299 12798
2805 10300 12799
2806 10301 12800
2807 10302 12801
2808 10303 12802
2809 10304 12803
2810 10305 12804
2811 10306 12805
2812 10307 12806
2813 10308 12807
2814 10309 12808
2815 10310 12809
2816 10311 12810
2817 10312 12811
2818 10313 12812
2819 10314 12813
2820 10315 12814
2821 10316 12815
2822 10317 12816
2823 10318 12817
2824 10319 12818
2825 10320 12819
2826 10321 12820
2827 10322 12821
2828 10323 12822
2829 10324 12823
2830 10325 12824
2831 10326 12825
2832 10327 12826
2833 10328 12827
2834 10329 12828
2835 10330 12829
2836 10331 12830
2837 10332 12831
2838 10333 12832
2839 10334 12833
2840 10335 12834
2841 10336 12835
2842 10337 12836
2843 10338 12837
2844 10339 12838
2845 10340 12839
2846 10341 12840
2847 10342 12841
2848 10343 12842
2849 10344 12843
2850 10345 12844
2851 10346 12845
2852 10347 12846
2853 10348 12847
2854 10349 12848
2855 10350 12849
2856 10351 12850
2857 10352 12851
2858 10353 12852
2859 10354 12853
2860 10355 12854
2861 10356 12855
2862 10357 12856
2863 10358 12857
2864 10359 12858
2865 10360 12859
2866 10361 12860
2867 10362 12861
2868 10363 12862
2869 10364 12863
2870 10365 12864
2871 10366 12865
2872 10367 12866
2873 10368 12867
2874 10369 12868
2875 10370 12869
2876 10371 12870
2877 10372 12871
2878 10373 12872
2879 10374 12873
2880 10375 12874
2881 10376 12875
2882 10377 12876
2883 10378 12877
2884 10379 12878
2885 10380 12879
2886 10381 12880
2887 10382 12881
2888 10383 12882
2889 10384 12883
2890 10385 12884
2891 10386 12885
2892 10387 12886
2893 10388 12887
2894 10389 12888
2895 10390 12889
2896 10391 12890
2897 10392 12891
2898 10393 12892
2899 10394 12893
2900 10395 12894
2901 10396 12895
2902 10397 12896
2903 10398 12897
2904 10399 12898
2905 10400 12899
2906 10401 12900
2907 10402 12901
2908 10403 12902
2909 10404 12903
2910 10405 12904
2911 10406 12905
2912 10407 12906
2913 10408 12907
2914 10409 12908
2915 10410 12909
2916 10411 12910
2917 10412 12911
2918 10413 12912
2919 10414 12913
2920 10415 12914
2921 10416 12915
2922 10417 12916
2923 10418 12917
2924 10419 12918
2925 10420 12919
2926 10421 12920
2927 10422 12921
2928 10423 12922
2929 10424 12923
2930 10425 12924
2931 10426 12925
2932 10427 12926
2933 10428 12927
2934 10429 12928
2935 10430 12929
2936 10431 12930
2937 10432 12931
2938 10433 12932
2939 10434 12933
2940 10435 12934
2941 10436 12935
2942 10437 12936
2943 10438 12937
2944 10439 12938
2945 10440 12939
2946 10441 12940
2947 10442 12941
2948 10443 12942
2949 10444 12943
2950 10445 12944
2951 10446 12945
2952 10447 12946
2953 10448 12947
2954 10449 12948
2955 10450 12949
2956 10451 12950
2957 10452 12951
2958 10453 12952
2959 10454 12953
2960 10455 12954
2961 10456 12955
2962 10457 12956
2963 10458 12957
2964 10459 12958
2965 10460 12959
2966 10461 12960
2967 10462 12961
2968 10463 12962
2969 10464 12963
2970 10465 12964
2971 10466 12965
2972 10467 12966
2973 10468 12967
2974 10469 12968
2975 10470 12969
2976 10471 12970
2977 10472 12971
2978 10473 12972
2979 10474 12973
2980 10475 12974
2981 10476 12975
2982 10477 12976
2983 10478 12977
2984 10479 12978
2985 10480 12979
2986 10481 12980
2987 10482 12981
2988 10483 12982
2989 10484 12983
2990 10485 12984
2991 10486 12985
2992 10487 12986
2993 10488 12987
2994 10489 12988
2995 10490 12989
2996 10491 12990
2997 10492 12991
2998 10493 12992
2999 10494 12993
3000 10495 12994
3001 10496 12995
3002 10497 12996
3003 10498 12997
3004 10499 12998
3005 10500 12999
3006 10501 13000
3007 10502 13001
3008 10503 13002
3009 10504 13003
3010 10505 13004
3011 10506 13005
3012 10507 13006
3013 10508 13007
3014 10509 13008
3015 10510 13009
3016 10511 13010
3017 10512 13011
3018 10513 13012
3019 10514 13013
3020 10515 13014
3021 10516 13015
3022 10517 13016
3023 10518 13017
3024 10519 13018
3025 10520 13019
3026 10521 13020
3027 10522 13021
3028 10523 13022
3029 10524 13023
3030 10525 13024
3031 10526 13025
3032 10527 13026
3033 10528 13027
3034 10529 13028
3035 10530 13029
3036 10531 13030
3037 10532 13031
3038 10533 13032
3039 10534 13033
3040 10535 13034
3041 10536 13035
3042 10537 13036
3043 10538 13037
3044 10539 13038
3045 10540 13039
3046 10541 13040
3047 10542 13041
3048 10543 13042
3049 10544 13043
3050 10545 13044
3051 10546 13045
3052 10547 13046
3053 10548 13047
3054 10549 13048
3055 10550 13049
3056 10551 13050
3057 10552 13051
3058 10553 13052
3059 10554 13053
3060 10555 13054
3061 10556 13055
3062 10557 13056
3063 10558 13057
3064 10559 13058
3065 10560 13059
3066 10561 13060
3067 10562 13061
3068 10563 13062
3069 10564 13063
3070 10565 13064
3071 10566 13065
3072 10567 13066
3073 10568 13067
3074 10569 13068
3075 10570 13069
3076 10571 13070
3077 10572 13071
3078 10573 13072
3079 10574 13073
3080 10575 13074
3081 10576 13075
3082 10577 13076
3083 10578 13077
3084 10579 13078
3085 10580 13079
3086 10581 13080
3087 10582 13081
3088 10583 13082
3089 10584 13083
3090 10585 13084
3091 10586 13085
3092 10587 13086
3093 10588 13087
3094 10589 13088
3095 10590 13089
3096 10591 13090
3097 10592 13091
3098 10593 13092
3099 10594 13093
3100 10595 13094
3101 10596 13095
3102 10597 13096
3103 10598 13097
3104 10599 13098
3105 10600 13099
3106 10601 13100
3107 10602 13101
3108 10603 13102
3109 10604 13103
3110 10605 13104
3111 10606 13105
3112 10607 13106
3113 10608 13107
3114 10609 13108
3115 10610 13109
3116 10611 13110
3117 10612 13111
3118 10613 13112
3119 10614 13113
3120 10615 13114
3121 10616 13115
3122 10617 13116
3123 10618 13117
3124 10619 13118
3125 10620 13119
3126 10621 13120
3127 10622 13121
3128 10623 13122
3129 10624 13123
3130 10625 13124
3131 10626 13125
3132 10627 13126
3133 10628 13127
3134 10629 13128
3135 10630 13129
3136 10631 13130
3137 10632 13131
3138 10633 13132
3139 10634 13133
3140 10635 13134
3141 10636 13135
3142 10637 13136
3143 10638 13137
3144 10639 13138
3145 10640 13139
3146 10641 13140
3147 10642 13141
3148 10643 13142
3149 10644 13143
3150 10645 13144
3151 10646 13145
3152 10647 13146
3153 10648 13147
3154 10649 13148
3155 10650 13149
3156 10651 13150
3157 10652 13151
3158 10653 13152
3159 10654 13153
3160 10655 13154
3161 10656 13155
3162 10657 13156
3163 10658 13157
3164 10659 13158
3165 10660 13159
3166 10661 13160
3167 10662 13161
3168 10663 13162
3169 10664 13163
3170 10665 13164
3171 10666 13165
3172 10667 13166
3173 10668 13167
3174 10669 13168
3175 10670 13169
3176 10671 13170
3177 10672 13171
3178 10673 13172
3179 10674 13173
3180 10675 13174
3181 10676 13175
3182 10677 13176
3183 10678 13177
3184 10679 13178
3185 10680 13179
3186 10681 13180
3187 10682 13181
3188 10683 13182
3189 10684 13183
3190 10685 13184
3191 10686 13185
3192 10687 13186
3193 10688 13187
3194 10689 13188
3195 10690 13189
3196 10691 13190
3197 10692 13191
3198 10693 13192
3199 10694 13193
3200 10695 13194
3201 10696 13195
3202 10697 13196
3203 10698 13197
3204 10699 13198
3205 10700 13199
3206 10701 13200
3207 10702 13201
3208 10703 13202
3209 10704 13203
3210 10705 13204
3211 10706 13205
3212 10707 13206
3213 10708 13207
3214 10709 13208
3215 10710 13209
3216 10711 13210
3217 10712 13211
3218 10713 13212
3219 10714 13213
3220 10715 13214
3221 10716 13215
3222 10717 13216
3223 10718 13217
3224 10719 13218
3225 10720 13219
3226 10721 13220
3227 10722 13221
3228 10723 13222
3229 10724 13223
3230 10725 13224
3231 10726 13225
3232 10727 13226
3233 10728 13227
3234 10729 13228
3235 10730 13229
3236 10731 13230
3237 10732 13231
3238 10733 13232
3239 10734 13233
3240 10735 13234
3241 10736 13235
3242 10737 13236
3243 10738 13237
3244 10739 13238
3245 10740 13239
3246 10741 13240
3247 10742 13241
3248 10743 13242
3249 10744 13243
3250 10745 13244
3251 10746 13245
3252 10747 13246
3253 10748 13247
3254 10749 13248
3255 10750 13249
3256 10751 13250
3257 10752 13251
3258 10753 13252
3259 10754 13253
3260 10755 13254
3261 10756 13255
3262 10757 13256
3263 10758 13257
3264 10759 13258
3265 10760 13259
3266 10761 13260
3267 10762 13261
3268 10763 13262
3269 10764 13263
3270 10765 13264
3271 10766 13265
3272 10767 13266
3273 10768 13267
3274 10769 13268
3275 10770 13269
3276 10771 13270
3277 10772 13271
3278 10773 13272
3279 10774 13273
3280 10775 13274
3281 10776 13275
3282 10777 13276
3283 10778 13277
3284 10779 13278
3285 10780 13279
3286 10781 13280
3287 10782 13281
3288 10783 13282
3289 10784 13283
3290 10785 13284
3291 10786 13285
3292 10787 13286
3293 10788 13287
3294 10789 13288
3295 10790 13289
3296 10791 13290
3297 10792 13291
3298 10793 13292
3299 10794 13293
3300 10795 13294
3301 10796 13295
3302 10797 13296
3303 10798 13297
3304 10799 13298
3305 10800 13299
3306 10801 13300
3307 10802 13301
3308 10803 13302
3309 10804 13303
3310 10805 13304
3311 10806 13305
3312 10807 13306
3313 10808 13307
3314 10809 13308
3315 10810 13309
3316 10811 13310
3317 10812 13311
3318 10813 13312
3319 10814 13313
3320 10815 13314
3321 10816 13315
3322 10817 13316
3323 10818 13317
3324 10819 13318
3325 10820 13319
3326 10821 13320
3327 10822 13321
3328 10823 13322
3329 10824 13323
3330 10825 13324
3331 10826 13325
3332 10827 13326
3333 10828 13327
3334 10829 13328
3335 10830 13329
3336 10831 13330
3337 10832 13331
3338 10833 13332
3339 10834 13333
3340 10835 13334
3341 10836 13335
3342 10837 13336
3343 10838 13337
3344 10839 13338
3345 10840 13339
3346 10841 13340
3347 10842 13341
3348 10843 13342
3349 10844 13343
3350 10845 13344
3351 10846 13345
3352 10847 13346
3353 10848 13347
3354 10849 13348
3355 10850 13349
3356 10851 13350
3357 10852 13351
3358 10853 13352
3359 10854 13353
3360 10855 13354
3361 10856 13355
3362 10857 13356
3363 10858 13357
3364 10859 13358
3365 10860 13359
3366 10861 13360
3367 10862 13361
3368 10863 13362
3369 10864 13363
3370 10865 13364
3371 10866 13365
3372 10867 13366
3373 10868 13367
3374 10869 13368
3375 10870 13369
3376 10871 13370
3377 10872 13371
3378 10873 13372
3379 10874 13373
3380 10875 13374
3381 10876 13375
3382 10877 13376
3383 10878 13377
3384 10879 13378
3385 10880 13379
3386 10881 13380
3387 10882 13381
3388 10883 13382
3389 10884 13383
3390 10885 13384
3391 10886 13385
3392 10887 13386
3393 10888 13387
3394 10889 13388
3395 10890 13389
3396 10891 13390
3397 10892 13391
3398 10893 13392
3399 10894 13393
3400 10895 13394
3401 10896 13395
3402 10897 13396
3403 10898 13397
3404 10899 13398
3405 10900 13399
3406 10901 13400
3407 10902 13401
3408 10903 13402
3409 10904 13403
3410 10905 13404
3411 10906 13405
3412 10907 13406
3413 10908 13407
3414 10909 13408
3415 10910 13409
3416 10911 13410
3417 10912 13411
3418 10913 13412
3419 10914 13413
3420 10915 13414
3421 10916 13415
3422 10917 13416
3423 10918 13417
3424 10919 13418
3425 10920 13419
3426 10921 13420
3427 10922 13421
3428 10923 13422
3429 10924 13423
3430 10925 13424
3431 10926 13425
3432 10927 13426
3433 10928 13427
3434 10929 13428
3435 10930 13429
3436 10931 13430
3437 10932 13431
3438 10933 13432
3439 10934 13433
3440 10935 13434
3441 10936 13435
3442 10937 13436
3443 10938 13437
3444 10939 13438
3445 10940 13439
3446 10941 13440
3447 10942 13441
3448 10943 13442
3449 10944 13443
3450 10945 13444
3451 10946 13445
3452 10947 13446
3453 10948 13447
3454 10949 13448
3455 10950 13449
3456 10951 13450
3457 10952 13451
3458 10953 13452
3459 10954 13453
3460 10955 13454
3461 10956 13455
3462 10957 13456
3463 10958 13457
3464 10959 13458
3465 10960 13459
3466 10961 13460
3467 10962 13461
3468 10963 13462
3469 10964 13463
3470 10965 13464
3471 10966 13465
3472 10967 13466
3473 10968 13467
3474 10969 13468
3475 10970 13469
3476 10971 13470
3477 10972 13471
3478 10973 13472
3479 10974 13473
3480 10975 13474
3481 10976 13475
3482 10977 13476
3483 10978 13477
3484 10979 13478
3485 10980 13479
3486 10981 13480
3487 10982 13481
3488 10983 13482
3489 10984 13483
3490 10985 13484
3491 10986 13485
3492 10987 13486
3493 10988 13487
3494 10989 13488
3495 10990 13489
3496 10991 13490
3497 10992 13491
3498 10993 13492
3499 10994 13493
3500 10995 13494
3501 10996 13495
3502 10997 13496
3503 10998 13497
3504 10999 13498
3505 11000 13499
3506 11001 13500
3507 11002 13501
3508 11003 13502
3509 11004 13503
3510 11005 13504
3511 11006 13505
3512 11007 13506
3513 11008 13507
3514 11009 13508
3515 11010 13509
3516 11011 13510
3517 11012 13511
3518 11013 13512
3519 11014 13513
3520 11015 13514
3521 11016 13515
3522 11017 13516
3523 11018 13517
3524 11019 13518
3525 11020 13519
3526 11021 13520
3527 11022 13521
3528 11023 13522
3529 11024 13523
3530 11025 13524
3531 11026 13525
3532 11027 13526
3533 11028 13527
3534 11029 13528
3535 11030 13529
3536 11031 13530
3537 11032 13531
3538 11033 13532
3539 11034 13533
3540 11035 13534
3541 11036 13535
3542 11037 13536
3543 11038 13537
3544 11039 13538
3545 11040 13539
3546 11041 13540
3547 11042 13541
3548 11043 13542
3549 11044 13543
3550 11045 13544
3551 11046 13545
3552 11047 13546
3553 11048 13547
3554 11049 13548
3555 11050 13549
3556 11051 13550
3557 11052 13551
3558 11053 13552
3559 11054 13553
3560 11055 13554
3561 11056 13555
3562 11057 13556
3563 11058 13557
3564 11059 13558
3565 11060 13559
3566 11061 13560
3567 11062 13561
3568 11063 13562
3569 11064 13563
3570 11065 13564
3571 11066 13565
3572 11067 13566
3573 11068 13567
3574 11069 13568
3575 11070 13569
3576 11071 13570
3577 11072 13571
3578 11073 13572
3579 11074 13573
3580 11075 13574
3581 11076 13575
3582 11077 13576
3583 11078 13577
3584 11079 13578
3585 11080 13579
3586 11081 13580
3587 11082 13581
3588 11083 13582
3589 11084 13583
3590 11085 13584
3591 11086 13585
3592 11087 13586
3593 11088 13587
3594 11089 13588
3595 11090 13589
3596 11091 13590
3597 11092 13591
3598 11093 13592
3599 11094 13593
3600 11095 13594
3601 11096 13595
3602 11097 13596
3603 11098 13597
3604 11099 13598
3605 11100 13599
3606 11101 13600
3607 11102 13601
3608 11103 13602
3609 11104 13603
3610 11105 13604
3611 11106 13605
3612 11107 13606
3613 11108 13607
3614 11109 13608
3615 11110 13609
3616 11111 13610
3617 11112 13611
3618 11113 13612
3619 11114 13613
3620 11115 13614
3621 11116 13615
3622 11117 13616
3623 11118 13617
3624 11119 13618
3625 11120 13619
3626 11121 13620
3627 11122 13621
3628 11123 13622
3629 11124 13623
3630 11125 13624
3631 11126 13625
3632 11127 13626
3633 11128 13627
3634 11129 13628
3635 11130 13629
3636 11131 13630
3637 11132 13631
3638 11133 13632
3639 11134 13633
3640 11135 13634
3641 11136 13635
3642 11137 13636
3643 11138 13637
3644 11139 13638
3645 11140 13639
3646 11141 13640
3647 11142 13641
3648 11143 13642
3649 11144 13643
3650 11145 13644
3651 11146 13645
3652 11147 13646
3653 11148 13647
3654 11149 13648
3655 11150 13649
3656 11151 13650
3657 11152 13651
3658 11153 13652
3659 11154 13653
3660 11155 13654
3661 11156 13655
3662 11157 13656
3663 11158 13657
3664 11159 13658
3665 11160 13659
3666 11161 13660
3667 11162 13661
3668 11163 13662
3669 11164 13663
3670 11165 13664
3671 11166 13665
3672 11167 13666
3673 11168 13667
3674 11169 13668
3675 11170 13669
3676 11171 13670
3677 11172 13671
3678 11173 13672
3679 11174 13673
3680 11175 13674
3681 11176 13675
3682 11177 13676
3683 11178 13677
3684 11179 13678
3685 11180 13679
3686 11181 13680
3687 11182 13681
3688 11183 13682
3689 11184 13683
3690 11185 13684
3691 11186 13685
3692 11187 13686
3693 11188 13687
3694 11189 13688
3695 11190 13689
3696 11191 13690
3697 11192 13691
3698 11193 13692
3699 11194 13693
3700 11195 13694
3701 11196 13695
3702 11197 13696
3703 11198 13697
3704 11199 13698
3705 11200 13699
3706 11201 13700
3707 11202 13701
3708 11203 13702
3709 11204 13703
3710 11205 13704
3711 11206 13705
3712 11207 13706
3713 11208 13707
3714 11209 13708
3715 11210 13709
3716 11211 13710
3717 11212 13711
3718 11213 13712
3719 11214 13713
3720 11215 13714
3721 11216 13715
3722 11217 13716
3723 11218 13717
3724 11219 13718
3725 11220 13719
3726 11221 13720
3727 11222 13721
3728 11223 13722
3729 11224 13723
3730 11225 13724
3731 11226 13725
3732 11227 13726
3733 11228 13727
3734 11229 13728
3735 11230 13729
3736 11231 13730
3737 11232 13731
3738 11233 13732
3739 11234 13733
3740 11235 13734
3741 11236 13735
3742 11237 13736
3743 11238 13737
3744 11239 13738
3745 11240 13739
3746 11241 13740
3747 11242 13741
3748 11243 13742
3749 11244 13743
3750 11245 13744
3751 11246 13745
3752 11247 13746
3753 11248 13747
3754 11249 13748
3755 11250 13749
3756 11251 13750
3757 11252 13751
3758 11253 13752
3759 11254 13753
3760 11255 13754
3761 11256 13755
3762 11257 13756
3763 11258 13757
3764 11259 13758
3765 11260 13759
3766 11261 13760
3767 11262 13761
3768 11263 13762
3769 11264 13763
3770 11265 13764
3771 11266 13765
3772 11267 13766
3773 11268 13767
3774 11269 13768
3775 11270 13769
3776 11271 13770
3777 11272 13771
3778 11273 13772
3779 11274 13773
3780 11275 13774
3781 11276 13775
3782 11277 13776
3783 11278 13777
3784 11279 13778
3785 11280 13779
3786 11281 13780
3787 11282 13781
3788 11283 13782
3789 11284 13783
3790 11285 13784
3791 11286 13785
3792 11287 13786
3793 11288 13787
3794 11289 13788
3795 11290 13789
3796 11291 13790
3797 11292 13791
3798 11293 13792
3799 11294 13793
3800 11295 13794
3801 11296 13795
3802 11297 13796
3803 11298 13797
3804 11299 13798
3805 11300 13799
3806 11301 13800
3807 11302 13801
3808 11303 13802
3809 11304 13803
3810 11305 13804
3811 11306 13805
3812 11307 13806
3813 11308 13807
3814 11309 13808
3815 11310 13809
3816 11311 13810
3817 11312 13811
3818 11313 13812
3819 11314 13813
3820 11315 13814
3821 11316 13815
3822 11317 13816
3823 11318 13817
3824 11319 13818
3825 11320 13819
3826 11321 13820
3827 11322 13821
3828 11323 13822
3829 11324 13823
3830 11325 13824
3831 11326 13825
3832 11327 13826
3833 11328 13827
3834 11329 13828
3835 11330 13829
3836 11331 13830
3837 11332 13831
3838 11333 13832
3839 11334 13833
3840 11335 13834
3841 11336 13835
3842 11337 13836
3843 11338 13837
3844 11339 13838
3845 11340 13839
3846 11341 13840
3847 11342 13841
3848 11343 13842
3849 11344 13843
3850 11345 13844
3851 11346 13845
3852 11347 13846
3853 11348 13847
3854 11349 13848
3855 11350 13849
3856 11351 13850
3857 11352 13851
3858 11353 13852
3859 11354 13853
3860 11355 13854
3861 11356 13855
3862 11357 13856
3863 11358 13857
3864 11359 13858
3865 11360 13859
3866 11361 13860
3867 11362 13861
3868 11363 13862
3869 11364 13863
3870 11365 13864
3871 11366 13865
3872 11367 13866
3873 11368 13867
3874 11369 13868
3875 11370 13869
3876 11371 13870
3877 11372 13871
3878 11373 13872
3879 11374 13873
3880 11375 13874
3881 11376 13875
3882 11377 13876
3883 11378 13877
3884 11379 13878
3885 11380 13879
3886 11381 13880
3887 11382 13881
3888 11383 13882
3889 11384 13883
3890 11385 13884
3891 11386 13885
3892 11387 13886
3893 11388 13887
3894 11389 13888
3895 11390 13889
3896 11391 13890
3897 11392 13891
3898 11393 13892
3899 11394 13893
3900 11395 13894
3901 11396 13895
3902 11397 13896
3903 11398 13897
3904 11399 13898
3905 11400 13899
3906 11401 13900
3907 11402 13901
3908 11403 13902
3909 11404 13903
3910 11405 13904
3911 11406 13905
3912 11407 13906
3913 11408 13907
3914 11409 13908
3915 11410 13909
3916 11411 13910
3917 11412 13911
3918 11413 13912
3919 11414 13913
3920 11415 13914
3921 11416 13915
3922 11417 13916
3923 11418 13917
3924 11419 13918
3925 11420 13919
3926 11421 13920
3927 11422 13921
3928 11423 13922
3929 11424 13923
3930 11425 13924
3931 11426 13925
3932 11427 13926
3933 11428 13927
3934 11429 13928
3935 11430 13929
3936 11431 13930
3937 11432 13931
3938 11433 13932
3939 11434 13933
3940 11435 13934
3941 11436 13935
3942 11437 13936
3943 11438 13937
3944 11439 13938
3945 11440 13939
3946 11441 13940
3947 11442 13941
3948 11443 13942
3949 11444 13943
3950 11445 13944
3951 11446 13945
3952 11447 13946
3953 11448 13947
3954 11449 13948
3955 11450 13949
3956 11451 13950
3957 11452 13951
3958 11453 13952
3959 11454 13953
3960 11455 13954
3961 11456 13955
3962 11457 13956
3963 11458 13957
3964 11459 13958
3965 11460 13959
3966 11461 13960
3967 11462 13961
3968 11463 13962
3969 11464 13963
3970 11465 13964
3971 11466 13965
3972 11467 13966
3973 11468 13967
3974 11469 13968
3975 11470 13969
3976 11471 13970
3977 11472 13971
3978 11473 13972
3979 11474 13973
3980 11475 13974
3981 11476 13975
3982 11477 13976
3983 11478 13977
3984 11479 13978
3985 11480 13979
3986 11481 13980
3987 11482 13981
3988 11483 13982
3989 11484 13983
3990 11485 13984
3991 11486 13985
3992 11487 13986
3993 11488 13987
3994 11489 13988
3995 11490 13989
3996 11491 13990
3997 11492 13991
3998 11493 13992
3999 11494 13993
4000 11495 13994
4001 11496 13995
4002 11497 13996
4003 11498 13997
4004 11499 13998
4005 11500 13999
4006 11501 14000
4007 11502 14001
4008 11503 14002
4009 11504 14003
4010 11505 14004
4011 11506 14005
4012 11507 14006
4013 11508 14007
4014 11509 14008
4015 11510 14009
4016 11511 14010
4017 11512 14011
4018 11513 14012
4019 11514 14013
4020 11515 14014
4021 11516 14015
4022 11517 14016
4023 11518 14017
4024 11519 14018
4025 11520 14019
4026 11521 14020
4027 11522 14021
4028 11523 14022
4029 11524 14023
4030 11525 14024
4031 11526 14025
4032 11527 14026
4033 11528 14027
4034 11529 14028
4035 11530 14029
4036 11531 14030
4037 11532 14031
4038 11533 14032
4039 11534 14033
4040 11535 14034
4041 11536 14035
4042 11537 14036
4043 11538 14037
4044 11539 14038
4045 11540 14039
4046 11541 14040
4047 11542 14041
4048 11543 14042
4049 11544 14043
4050 11545 14044
4051 11546 14045
4052 11547 14046
4053 11548 14047
4054 11549 14048
4055 11550 14049
4056 11551 14050
4057 11552 14051
4058 11553 14052
4059 11554 14053
4060 11555 14054
4061 11556 14055
4062 11557 14056
4063 11558 14057
4064 11559 14058
4065 11560 14059
4066 11561 14060
4067 11562 14061
4068 11563 14062
4069 11564 14063
4070 11565 14064
4071 11566 14065
4072 11567 14066
4073 11568 14067
4074 11569 14068
4075 11570 14069
4076 11571 14070
4077 11572 14071
4078 11573 14072
4079 11574 14073
4080 11575 14074
4081 11576 14075
4082 11577 14076
4083 11578 14077
4084 11579 14078
4085 11580 14079
4086 11581 14080
4087 11582 14081
4088 11583 14082
4089 11584 14083
4090 11585 14084
4091 11586 14085
4092 11587 14086
4093 11588 14087
4094 11589 14088
4095 11590 14089
4096 11591 14090
4097 11592 14091
4098 11593 14092
4099 11594 14093
4100 11595 14094
4101 11596 14095
4102 11597 14096
4103 11598 14097
4104 11599 14098
4105 11600 14099
4106 11601 14100
4107 11602 14101
4108 11603 14102
4109 11604 14103
4110 11605 14104
4111 11606 14105
4112 11607 14106
4113 11608 14107
4114 11609 14108
4115 11610 14109
4116 11611 14110
4117 11612 14111
4118 11613 14112
4119 11614 14113
4120 11615 14114
4121 11616 14115
4122 11617 14116
4123 11618 14117
4124 11619 14118
4125 11620 14119
4126 11621 14120
4127 11622 14121
4128 11623 14122
4129 11624 14123
4130 11625 14124
4131 11626 14125
4132 11627 14126
4133 11628 14127
4134 11629 14128
4135 11630 14129
4136 11631 14130
4137 11632 14131
4138 11633 14132
4139 11634 14133
4140 11635 14134
4141 11636 14135
4142 11637 14136
4143 11638 14137
4144 11639 14138
4145 11640 14139
4146 11641 14140
4147 11642 14141
4148 11643 14142
4149 11644 14143
4150 11645 14144
4151 11646 14145
4152 11647 14146
4153 11648 14147
4154 11649 14148
4155 11650 14149
4156 11651 14150
4157 11652 14151
4158 11653 14152
4159 11654 14153
4160 11655 14154
4161 11656 14155
4162 11657 14156
4163 11658 14157
4164 11659 14158
4165 11660 14159
4166 11661 14160
4167 11662 14161
4168 11663 14162
4169 11664 14163
4170 11665 14164
4171 11666 14165
4172 11667 14166
4173 11668 14167
4174 11669 14168
4175 11670 14169
4176 11671 14170
4177 11672 14171
4178 11673 14172
4179 11674 14173
4180 11675 14174
4181 11676 14175
4182 11677 14176
4183 11678 14177
4184 11679 14178
4185 11680 14179
4186 11681 14180
4187 11682 14181
4188 11683 14182
4189 11684 14183
4190 11685 14184
4191 11686 14185
4192 11687 14186
4193 11688 14187
4194 11689 14188
4195 11690 14189
4196 11691 14190
4197 11692 14191
4198 11693 14192
4199 11694 14193
4200 11695 14194
4201 11696 14195
4202 11697 14196
4203 11698 14197
4204 11699 14198
4205 11700 14199
4206 11701 14200
4207 11702 14201
4208 11703 14202
4209 11704 14203
4210 11705 14204
4211 11706 14205
4212 11707 14206
4213 11708 14207
4214 11709 14208
4215 11710 14209
4216 11711 14210
4217 11712 14211
4218 11713 14212
4219 11714 14213
4220 11715 14214
4221 11716 14215
4222 11717 14216
4223 11718 14217
4224 11719 14218
4225 11720 14219
4226 11721 14220
4227 11722 14221
4228 11723 14222
4229 11724 14223
4230 11725 14224
4231 11726 14225
4232 11727 14226
4233 11728 14227
4234 11729 14228
4235 11730 14229
4236 11731 14230
4237 11732 14231
4238 11733 14232
4239 11734 14233
4240 11735 14234
4241 11736 14235
4242 11737 14236
4243 11738 14237
4244 11739 14238
4245 11740 14239
4246 11741 14240
4247 11742 14241
4248 11743 14242
4249 11744 14243
4250 11745 14244
4251 11746 14245
4252 11747 14246
4253 11748 14247
4254 11749 14248
4255 11750 14249
4256 11751 14250
4257 11752 14251
4258 11753 14252
4259 11754 14253
4260 11755 14254
4261 11756 14255
4262 11757 14256
4263 11758 14257
4264 11759 14258
4265 11760 14259
4266 11761 14260
4267 11762 14261
4268 11763 14262
4269 11764 14263
4270 11765 14264
4271 11766 14265
4272 11767 14266
4273 11768 14267
4274 11769 14268
4275 11770 14269
4276 11771 14270
4277 11772 14271
4278 11773 14272
4279 11774 14273
4280 11775 14274
4281 11776 14275
4282 11777 14276
4283 11778 14277
4284 11779 14278
4285 11780 14279
4286 11781 14280
4287 11782 14281
4288 11783 14282
4289 11784 14283
4290 11785 14284
4291 11786 14285
4292 11787 14286
4293 11788 14287
4294 11789 14288
4295 11790 14289
4296 11791 14290
4297 11792 14291
4298 11793 14292
4299 11794 14293
4300 11795 14294
4301 11796 14295
4302 11797 14296
4303 11798 14297
4304 11799 14298
4305 11800 14299
4306 11801 14300
4307 11802 14301
4308 11803 14302
4309 11804 14303
4310 11805 14304
4311 11806 14305
4312 11807 14306
4313 11808 14307
4314 11809 14308
4315 11810 14309
4316 11811 14310
4317 11812 14311
4318 11813 14312
4319 11814 14313
4320 11815 14314
4321 11816 14315
4322 11817 14316
4323 11818 14317
4324 11819 14318
4325 11820 14319
4326 11821 14320
4327 11822 14321
4328 11823 14322
4329 11824 14323
4330 11825 14324
4331 11826 14325
4332 11827 14326
4333 11828 14327
4334 11829 14328
4335 11830 14329
4336 11831 14330
4337 11832 14331
4338 11833 14332
4339 11834 14333
4340 11835 14334
4341 11836 14335
4342 11837 14336
4343 11838 14337
4344 11839 14338
4345 11840 14339
4346 11841 14340
4347 11842 14341
4348 11843 14342
4349 11844 14343
4350 11845 14344
4351 11846 14345
4352 11847 14346
4353 11848 14347
4354 11849 14348
4355 11850 14349
4356 11851 14350
4357 11852 14351
4358 11853 14352
4359 11854 14353
4360 11855 14354
4361 11856 14355
4362 11857 14356
4363 11858 14357
4364 11859 14358
4365 11860 14359
4366 11861 14360
4367 11862 14361
4368 11863 14362
4369 11864 14363
4370 11865 14364
4371 11866 14365
4372 11867 14366
4373 11868 14367
4374 11869 14368
4375 11870 14369
4376 11871 14370
4377 11872 14371
4378 11873 14372
4379 11874 14373
4380 11875 14374
4381 11876 14375
4382 11877 14376
4383 11878 14377
4384 11879 14378
4385 11880 14379
4386 11881 14380
4387 11882 14381
4388 11883 14382
4389 11884 14383
4390 11885 14384
4391 11886 14385
4392 11887 14386
4393 11888 14387
4394 11889 14388
4395 11890 14389
4396 11891 14390
4397 11892 14391
4398 11893 14392
4399 11894 14393
4400 11895 14394
4401 11896 14395
4402 11897 14396
4403 11898 14397
4404 11899 14398
4405 11900 14399
4406 11901 14400
4407 11902 14401
4408 11903 14402
4409 11904 14403
4410 11905 14404
4411 11906 14405
4412 11907 14406
4413 11908 14407
4414 11909 14408
4415 11910 14409
4416 11911 14410
4417 11912 14411
4418 11913 14412
4419 11914 14413
4420 11915 14414
4421 11916 14415
4422 11917 14416
4423 11918 14417
4424 11919 14418
4425 11920 14419
4426 11921 14420
4427 11922 14421
4428 11923 14422
4429 11924 14423
4430 11925 14424
4431 11926 14425
4432 11927 14426
4433 11928 14427
4434 11929 14428
4435 11930 14429
4436 11931 14430
4437 11932 14431
4438 11933 14432
4439 11934 14433
4440 11935 14434
4441 11936 14435
4442 11937 14436
4443 11938 14437
4444 11939 14438
4445 11940 14439
4446 11941 14440
4447 11942 14441
4448 11943 14442
4449 11944 14443
4450 11945 14444
4451 11946 14445
4452 11947 14446
4453 11948 14447
4454 11949 14448
4455 11950 14449
4456 11951 14450
4457 11952 14451
4458 11953 14452
4459 11954 14453
4460 11955 14454
4461 11956 14455
4462 11957 14456
4463 11958 14457
4464 11959 14458
4465 11960 14459
4466 11961 14460
4467 11962 14461
4468 11963 14462
4469 11964 14463
4470 11965 14464
4471 11966 14465
4472 11967 14466
4473 11968 14467
4474 11969 14468
4475 11970 14469
4476 11971 14470
4477 11972 14471
4478 11973 14472
4479 11974 14473
4480 11975 14474
4481 11976 14475
4482 11977 14476
4483 11978 14477
4484 11979 14478
4485 11980 14479
4486 11981 14480
4487 11982 14481
4488 11983 14482
4489 11984 14483
4490 11985 14484
4491 11986 14485
4492 11987 14486
4493 11988 14487
4494 11989 14488
4495 11990 14489
4496 11991 14490
4497 11992 14491
4498 11993 14492
4499 11994 14493
4500 11995 14494
4501 11996 14495
4502 11997 14496
4503 11998 14497
4504 11999 14498
4505 12000 14499
4506 12001 14500
4507 12002 14501
4508 12003 14502
4509 12004 14503
4510 12005 14504
4511 12006 14505
4512 12007 14506
4513 12008 14507
4514 12009 14508
4515 12010 14509
4516 12011 14510
4517 12012 14511
4518 12013 14512
4519 12014 14513
4520 12015 14514
4521 12016 14515
4522 12017 14516
4523 12018 14517
4524 12019 14518
4525 12020 14519
4526 12021 14520
4527 12022 14521
4528 12023 14522
4529 12024 14523
4530 12025 14524
4531 12026 14525
4532 12027 14526
4533 12028 14527
4534 12029 14528
4535 12030 14529
4536 12031 14530
4537 12032 14531
4538 12033 14532
4539 12034 14533
4540 12035 14534
4541 12036 14535
4542 12037 14536
4543 12038 14537
4544 12039 14538
4545 12040 14539
4546 12041 14540
4547 12042 14541
4548 12043 14542
4549 12044 14543
4550 12045 14544
4551 12046 14545
4552 12047 14546
4553 12048 14547
4554 12049 14548
4555 12050 14549
4556 12051 14550
4557 12052 14551
4558 12053 14552
4559 12054 14553
4560 12055 14554
4561 12056 14555
4562 12057 14556
4563 12058 14557
4564 12059 14558
4565 12060 14559
4566 12061 14560
4567 12062 14561
4568 12063 14562
4569 12064 14563
4570 12065 14564
4571 12066 14565
4572 12067 14566
4573 12068 14567
4574 12069 14568
4575 12070 14569
4576 12071 14570
4577 12072 14571
4578 12073 14572
4579 12074 14573
4580 12075 14574
4581 12076 14575
4582 12077 14576
4583 12078 14577
4584 12079 14578
4585 12080 14579
4586 12081 14580
4587 12082 14581
4588 12083 14582
4589 12084 14583
4590 12085 14584
4591 12086 14585
4592 12087 14586
4593 12088 14587
4594 12089 14588
4595 12090 14589
4596 12091 14590
4597 12092 14591
4598 12093 14592
4599 12094 14593
4600 12095 14594
4601 12096 14595
4602 12097 14596
4603 12098 14597
4604 12099 14598
4605 12100 14599
4606 12101 14600
4607 12102 14601
4608 12103 14602
4609 12104 14603
4610 12105 14604
4611 12106 14605
4612 12107 14606
4613 12108 14607
4614 12109 14608
4615 12110 14609
4616 12111 14610
4617 12112 14611
4618 12113 14612
4619 12114 14613
4620 12115 14614
4621 12116 14615
4622 12117 14616
4623 12118 14617
4624 12119 14618
4625 12120 14619
4626 12121 14620
4627 12122 14621
4628 12123 14622
4629 12124 14623
4630 12125 14624
4631 12126 14625
4632 12127 14626
4633 12128 14627
4634 12129 14628
4635 12130 14629
4636 12131 14630
4637 12132 14631
4638 12133 14632
4639 12134 14633
4640 12135 14634
4641 12136 14635
4642 12137 14636
4643 12138 14637
4644 12139 14638
4645 12140 14639
4646 12141 14640
4647 12142 14641
4648 12143 14642
4649 12144 14643
4650 12145 14644
4651 12146 14645
4652 12147 14646
4653 12148 14647
4654 12149 14648
4655 12150 14649
4656 12151 14650
4657 12152 14651
4658 12153 14652
4659 12154 14653
4660 12155 14654
4661 12156 14655
4662 12157 14656
4663 12158 14657
4664 12159 14658
4665 12160 14659
4666 12161 14660
4667 12162 14661
4668 12163 14662
4669 12164 14663
4670 12165 14664
4671 12166 14665
4672 12167 14666
4673 12168 14667
4674 12169 14668
4675 12170 14669
4676 12171 14670
4677 12172 14671
4678 12173 14672
4679 12174 14673
4680 12175 14674
4681 12176 14675
4682 12177 14676
4683 12178 14677
4684 12179 14678
4685 12180 14679
4686 12181 14680
4687 12182 14681
4688 12183 14682
4689 12184 14683
4690 12185 14684
4691 12186 14685
4692 12187 14686
4693 12188 14687
4694 12189 14688
4695 12190 14689
4696 12191 14690
4697 12192 14691
4698 12193 14692
4699 12194 14693
4700 12195 14694
4701 12196 14695
4702 12197 14696
4703 12198 14697
4704 12199 14698
4705 12200 14699
4706 12201 14700
4707 12202 14701
4708 12203 14702
4709 12204 14703
4710 12205 14704
4711 12206 14705
4712 12207 14706
4713 12208 14707
4714 12209 14708
4715 12210 14709
4716 12211 14710
4717 12212 14711
4718 12213 14712
4719 12214 14713
4720 12215 14714
4721 12216 14715
4722 12217 14716
4723 12218 14717
4724 12219 14718
4725 12220 14719
4726 12221 14720
4727 12222 14721
4728 12223 14722
4729 12224 14723
4730 12225 14724
4731 12226 14725
4732 12227 14726
4733 12228 14727
4734 12229 14728
4735 12230 14729
4736 12231 14730
4737 12232 14731
4738 12233 14732
4739 12234 14733
4740 12235 14734
4741 12236 14735
4742 12237 14736
4743 12238 14737
4744 12239 14738
4745 12240 14739
4746 12241 14740
4747 12242 14741
4748 12243 14742
4749 12244 14743
4750 12245 14744
4751 12246 14745
4752 12247 14746
4753 12248 14747
4754 12249 14748
4755 12250 14749
4756 12251 14750
4757 12252 14751
4758 12253 14752
4759 12254 14753
4760 12255 14754
4761 12256 14755
4762 12257 14756
4763 12258 14757
4764 12259 14758
4765 12260 14759
4766 12261 14760
4767 12262 14761
4768 12263 14762
4769 12264 14763
4770 12265 14764
4771 12266 14765
4772 12267 14766
4773 12268 14767
4774 12269 14768
4775 12270 14769
4776 12271 14770
4777 12272 14771
4778 12273 14772
4779 12274 14773
4780 12275 14774
4781 12276 14775
4782 12277 14776
4783 12278 14777
4784 12279 14778
4785 12280 14779
4786 12281 14780
4787 12282 14781
4788 12283 14782
4789 12284 14783
4790 12285 14784
4791 12286 14785
4792 12287 14786
4793 12288 14787
4794 12289 14788
4795 12290 14789
4796 12291 14790
4797 12292 14791
4798 12293 14792
4799 12294 14793
4800 12295 14794
4801 12296 14795
4802 12297 14796
4803 12298 14797
4804 12299 14798
4805 12300 14799
4806 12301 14800
4807 12302 14801
4808 12303 14802
4809 12304 14803
4810 12305 14804
4811 12306 14805
4812 12307 14806
4813 12308 14807
4814 12309 14808
4815 12310 14809
4816 12311 14810
4817 12312 14811
4818 12313 14812
4819 12314 14813
4820 12315 14814
4821 12316 14815
4822 12317 14816
4823 12318 14817
4824 12319 14818
4825 12320 14819
4826 12321 14820
4827 12322 14821
4828 12323 14822
4829 12324 14823
4830 12325 14824
4831 12326 14825
4832 12327 14826
4833 12328 14827
4834 12329 14828
4835 12330 14829
4836 12331 14830
4837 12332 14831
4838 12333 14832
4839 12334 14833
4840 12335 14834
4841 12336 14835
4842 12337 14836
4843 12338 14837
4844 12339 14838
4845 12340 14839
4846 12341 14840
4847 12342 14841
4848 12343 14842
4849 12344 14843
4850 12345 14844
4851 12346 14845
4852 12347 14846
4853 12348 14847
4854 12349 14848
4855 12350 14849
4856 12351 14850
4857 12352 14851
4858 12353 14852
4859 12354 14853
4860 12355 14854
4861 12356 14855
4862 12357 14856
4863 12358 14857
4864 12359 14858
4865 12360 14859
4866 12361 14860
4867 12362 14861
4868 12363 14862
4869 12364 14863
4870 12365 14864
4871 12366 14865
4872 12367 14866
4873 12368 14867
4874 12369 14868
4875 12370 14869
4876 12371 14870
4877 12372 14871
4878 12373 14872
4879 12374 14873
4880 12375 14874
4881 12376 14875
4882 12377 14876
4883 12378 14877
4884 12379 14878
4885 12380 14879
4886 12381 14880
4887 12382 14881
4888 12383 14882
4889 12384 14883
4890 12385 14884
4891 12386 14885
4892 12387 14886
4893 12388 14887
4894 12389 14888
4895 12390 14889
4896 12391 14890
4897 12392 14891
4898 12393 14892
4899 12394 14893
4900 12395 14894
4901 12396 14895
4902 12397 14896
4903 12398 14897
4904 12399 14898
4905 12400 14899
4906 12401 14900
4907 12402 14901
4908 12403 14902
4909 12404 14903
4910 12405 14904
4911 12406 14905
4912 12407 14906
4913 12408 14907
4914 12409 14908
4915 12410 14909
4916 12411 14910
4917 12412 14911
4918 12413 14912
4919 12414 14913
4920 12415 14914
4921 12416 14915
4922 12417 14916
4923 12418 14917
4924 12419 14918
4925 12420 14919
4926 12421 14920
4927 12422 14921
4928 12423 14922
4929 12424 14923
4930 12425 14924
4931 12426 14925
4932 12427 14926
4933 12428 14927
4934 12429 14928
4935 12430 14929
4936 12431 14930
4937 12432 14931
4938 12433 14932
4939 12434 14933
4940 12435 14934
4941 12436 14935
4942 12437 14936
4943 12438 14937
4944 12439 14938
4945 12440 14939
4946 12441 14940
4947 12442 14941
4948 12443 14942
4949 12444 14943
4950 12445 14944
4951 12446 14945
4952 12447 14946
4953 12448 14947
4954 12449 14948
4955 12450 14949
4956 12451 14950
4957 12452 14951
4958 12453 14952
4959 12454 14953
4960 12455 14954
4961 12456 14955
4962 12457 14956
4963 12458 14957
4964 12459 14958
4965 12460 14959
4966 12461 14960
4967 12462 14961
4968 12463 14962
4969 12464 14963
4970 12465 14964
4971 12466 14965
4972 12467 14966
4973 12468 14967
4974 12469 14968
4975 12470 14969
4976 12471 14970
4977 12472 14971
4978 12473 14972
4979 12474 14973
4980 12475 14974
4981 12476 14975
4982 12477 14976
4983 12478 14977
4984 12479 14978
4985 12480 14979
4986 12481 14980
4987 12482 14981
4988 12483 14982
4989 12484 14983
4990 12485 14984
4991 12486 14985
4992 12487 14986
4993 12488 14987
4994 12489 14988
4995 12490 14989
4996 12491 14990
4997 12492 14991
4998 12493 14992
