2 99 100
3 101 103
4 102 104
5 105 108
6 106 109
7 107 110
8 111 117
9 112 118
10 113 119
11 114 120
12 115 121
13 116 122
14 123 135
15 124 136
16 125 137
17 126 138
18 127 139
19 128 140
20 129 141
21 130 142
22 131 143
23 132 144
24 133 145
25 134 146
26 147 171
27 148 172
28 149 173
29 150 174
30 151 175
31 152 176
32 153 177
33 154 178
34 155 179
35 156 180
36 157 181
37 158 182
38 159 183
39 160 184
40 161 185
41 162 186
42 163 187
43 164 188
44 165 189
45 166 190
46 167 191
47 168 192
48 169 193
49 170 194
50 195 244
51 196 245
52 197 246
53 198 247
54 199 248
55 200 249
56 201 250
57 202 251
58 203 252
59 204 253
60 205 254
61 206 255
62 207 256
63 208 257
64 209 258
65 210 259
66 211 260
67 212 261
68 213 262
69 214 263
70 215 264
71 216 265
72 217 266
73 218 267
74 219 268
75 220 269
76 221 270
77 222 271
78 223 272
79 224 273
80 225 274
81 226 275
82 227 276
83 228 277
84 229 278
85 230 279
86 231 280
87 232 281
88 233 282
89 234 283
90 235 284
91 236 285
92 237 286
93 238 287
94 239 288
95 240 289
96 241 290
97 242 291
98 243 292
