2 299 300
3 301 302
4 303 305
5 304 306
6 307 312
7 308 313
8 309 314
9 310 315
10 311 316
11 317 326
12 318 327
13 319 328
14 320 329
15 321 330
16 322 331
17 323 332
18 324 333
19 325 334
20 335 354
21 336 355
22 337 356
23 338 357
24 339 358
25 340 359
26 341 360
27 342 361
28 343 362
29 344 363
30 345 364
31 346 365
32 347 366
33 348 367
34 349 368
35 350 369
36 351 370
37 352 371
38 353 372
39 373 410
40 374 411
41 375 412
42 376 413
43 377 414
44 378 415
45 379 416
46 380 417
47 381 418
48 382 419
49 383 420
50 384 421
51 385 422
52 386 423
53 387 424
54 388 425
55 389 426
56 390 427
57 391 428
58 392 429
59 393 430
60 394 431
61 395 432
62 396 433
63 397 434
64 398 435
65 399 436
66 400 437
67 401 438
68 402 439
69 403 440
70 404 441
71 405 442
72 406 443
73 407 444
74 408 445
75 409 446
76 447 521
77 448 522
78 449 523
79 450 524
80 451 525
81 452 526
82 453 527
83 454 528
84 455 529
85 456 530
86 457 531
87 458 532
88 459 533
89 460 534
90 461 535
91 462 536
92 463 537
93 464 538
94 465 539
95 466 540
96 467 541
97 468 542
98 469 543
99 470 544
100 471 545
101 472 546
102 473 547
103 474 548
104 475 549
105 476 550
106 477 551
107 478 552
108 479 553
109 480 554
110 481 555
111 482 556
112 483 557
113 484 558
114 485 559
115 486 560
116 487 561
117 488 562
118 489 563
119 490 564
120 491 565
121 492 566
122 493 567
123 494 568
124 495 569
125 496 570
126 497 571
127 498 572
128 499 573
129 500 574
130 501 575
131 502 576
132 503 577
133 504 578
134 505 579
135 506 580
136 507 581
137 508 582
138 509 583
139 510 584
140 511 585
141 512 586
142 513 587
143 514 588
144 515 589
145 516 590
146 517 591
147 518 592
148 519 593
149 520 594
150 595 744
151 596 745
152 597 746
153 598 747
154 599 748
155 600 749
156 601 750
157 602 751
158 603 752
159 604 753
160 605 754
161 606 755
162 607 756
163 608 757
164 609 758
165 610 759
166 611 760
167 612 761
168 613 762
169 614 763
170 615 764
171 616 765
172 617 766
173 618 767
174 619 768
175 620 769
176 621 770
177 622 771
178 623 772
179 624 773
180 625 774
181 626 775
182 627 776
183 628 777
184 629 778
185 630 779
186 631 780
187 632 781
188 633 782
189 634 783
190 635 784
191 636 785
192 637 786
193 638 787
194 639 788
195 640 789
196 641 790
197 642 791
198 643 792
199 644 793
200 645 794
201 646 795
202 647 796
203 648 797
204 649 798
205 650 799
206 651 800
207 652 801
208 653 802
209 654 803
210 655 804
211 656 805
212 657 806
213 658 807
214 659 808
215 660 809
216 661 810
217 662 811
218 663 812
219 664 813
220 665 814
221 666 815
222 667 816
223 668 817
224 669 818
225 670 819
226 671 820
227 672 821
228 673 822
229 674 823
230 675 824
231 676 825
232 677 826
233 678 827
234 679 828
235 680 829
236 681 830
237 682 831
238 683 832
239 684 833
240 685 834
241 686 835
242 687 836
243 688 837
244 689 838
245 690 839
246 691 840
247 692 841
248 693 842
249 694 843
250 695 844
251 696 845
252 697 846
253 698 847
254 699 848
255 700 849
256 701 850
257 702 851
258 703 852
259 704 853
260 705 854
261 706 855
262 707 856
263 708 857
264 709 858
265 710 859
266 711 860
267 712 861
268 713 862
269 714 863
270 715 864
271 716 865
272 717 866
273 718 867
274 719 868
275 720 869
276 721 870
277 722 871
278 723 872
279 724 873
280 725 874
281 726 875
282 727 876
283 728 877
284 729 878
285 730 879
286 731 880
287 732 881
288 733 882
289 734 883
290 735 884
291 736 885
292 737 886
293 738 887
294 739 888
295 740 889
296 741 890
297 742 891
298 743 892
